#
# There is insufficient memory for the Java Runtime Environment to continue.
# Native memory allocation (malloc) failed to allocate 1004816 bytes for Chunk::new
# Possible reasons:
#   The system is out of physical RAM or swap space
#   The process is running with CompressedOops enabled, and the Java Heap may be blocking the growth of the native heap
# Possible solutions:
#   Reduce memory load on the system
#   Increase physical memory or swap space
#   Check if swap backing store is full
#   Decrease Java heap size (-Xmx/-Xms)
#   Decrease number of Java threads
#   Decrease Java thread stack sizes (-Xss)
#   Set larger code cache with -XX:ReservedCodeCacheSize=
#   JVM is running with Unscaled Compressed Oops mode in which the Java heap is
#     placed in the first 4GB address space. The Java Heap base address is the
#     maximum limit for the native heap growth. Please use -XX:HeapBaseMinAddress
#     to set the Java Heap base and to place the Java Heap above 4GB virtual address.
# This output file may be truncated or incomplete.
#
#  Out of Memory Error (src/hotspot/share/memory/arena.cpp:197), pid=5152, tid=24728
#
# JRE version: OpenJDK Runtime Environment (11.0.15) (build 11.0.15+0-b2043.56-9505619)
# Java VM: OpenJDK 64-Bit Server VM (11.0.15+0-b2043.56-9505619, mixed mode, tiered, compressed oops, g1 gc, windows-amd64)
# No core dump will be written. Minidumps are not enabled by default on client versions of Windows
#

---------------  S U M M A R Y ------------

Command Line: --add-opens=java.base/java.util=ALL-UNNAMED --add-opens=java.base/java.lang=ALL-UNNAMED --add-opens=java.base/java.lang.invoke=ALL-UNNAMED --add-opens=java.base/java.util=ALL-UNNAMED --add-opens=java.prefs/java.util.prefs=ALL-UNNAMED --add-opens=java.prefs/java.util.prefs=ALL-UNNAMED --add-opens=java.base/java.nio.charset=ALL-UNNAMED --add-opens=java.base/java.net=ALL-UNNAMED --add-opens=java.base/java.util.concurrent.atomic=ALL-UNNAMED -Xmx2048m -Dfile.encoding=UTF-8 -Duser.country=CN -Duser.language=zh -Duser.variant org.gradle.launcher.daemon.bootstrap.GradleDaemon 7.5

Host: Intel(R) Core(TM) i5-10300H CPU @ 2.50GHz, 8 cores, 15G,  Windows 10 , 64 bit Build 19041 (10.0.19041.3636)
Time: Thu Apr 25 21:48:08 2024  Windows 10 , 64 bit Build 19041 (10.0.19041.3636) elapsed time: 12.839112 seconds (0d 0h 0m 12s)

---------------  T H R E A D  ---------------

Current thread (0x00000263b3be4000):  JavaThread "C2 CompilerThread0" daemon [_thread_in_native, id=24728, stack(0x000000b82f200000,0x000000b82f300000)]


Current CompileTask:
C2:  12839 6204   !   4       com.google.common.reflect.TypeVisitor::visit (244 bytes)

Stack: [0x000000b82f200000,0x000000b82f300000]
Native frames: (J=compiled Java code, j=interpreted, Vv=VM code, C=native code)
V  [jvm.dll+0x64135a]
V  [jvm.dll+0x7d39f9]
V  [jvm.dll+0x7d51b9]
V  [jvm.dll+0x7d58a3]
V  [jvm.dll+0x2691c5]
V  [jvm.dll+0xc1a5c]
V  [jvm.dll+0xc200c]
V  [jvm.dll+0x2da2c2]
V  [jvm.dll+0x54cad9]
V  [jvm.dll+0x220c9d]
V  [jvm.dll+0x223152]
V  [jvm.dll+0x220384]
V  [jvm.dll+0x19e851]
V  [jvm.dll+0x230479]
V  [jvm.dll+0x22e5ef]
V  [jvm.dll+0x794de1]
V  [jvm.dll+0x78dc24]
V  [jvm.dll+0x6400f6]
C  [ucrtbase.dll+0x21bb2]
C  [KERNEL32.DLL+0x17344]
C  [ntdll.dll+0x526b1]


---------------  P R O C E S S  ---------------

Threads class SMR info:
_java_thread_list=0x00000263b6d953f0, length=123, elements={
0x0000026398e1a000, 0x00000263b3b5b000, 0x00000263b3b5c000, 0x00000263b3bd6800,
0x00000263b3bd7800, 0x00000263b3bd8800, 0x00000263b3be4000, 0x00000263b3bea800,
0x00000263b3c1d800, 0x00000263b3d84000, 0x00000263b5b78800, 0x00000263b3ef1800,
0x00000263b4f46000, 0x00000263b4ea0000, 0x00000263b5bad000, 0x00000263b5f20000,
0x00000263b6e8d000, 0x00000263b574d800, 0x00000263b574e800, 0x00000263b6066000,
0x00000263b639e000, 0x00000263b639f000, 0x00000263b63a4800, 0x00000263b63a0800,
0x00000263b63a3000, 0x00000263b63a1000, 0x00000263b639f800, 0x00000263b63a2000,
0x00000263b63a3800, 0x00000263b72f4000, 0x00000263b72ef000, 0x00000263b72ee000,
0x00000263b72f2000, 0x00000263b72f5800, 0x00000263b72ef800, 0x00000263b72fc000,
0x00000263b72fb000, 0x00000263b72f8800, 0x00000263b72f6800, 0x00000263b72f7000,
0x00000263b72f9800, 0x00000263b72f8000, 0x00000263b72fd000, 0x00000263b46f4800,
0x00000263b46f4000, 0x00000263b46f7000, 0x00000263b46f8000, 0x00000263b46f8800,
0x00000263b46f3000, 0x00000263b46f9800, 0x00000263b46fa800, 0x00000263b46fb000,
0x00000263b46f5800, 0x00000263b46fc000, 0x00000263b46f6000, 0x00000263b46fd800,
0x00000263b4701800, 0x00000263b4700000, 0x00000263b46fe800, 0x00000263b4701000,
0x00000263b46fc800, 0x00000263b46ff000, 0x00000263b62eb000, 0x00000263b62eb800,
0x00000263b62ec800, 0x00000263b62ed800, 0x00000263b62e9800, 0x00000263b62e7800,
0x00000263b62ee000, 0x00000263b62e8800, 0x00000263b62ef000, 0x00000263b62f0000,
0x00000263b62ea000, 0x00000263b62f4800, 0x00000263b62f1800, 0x00000263b62f2000,
0x00000263b62f3000, 0x00000263b62f4000, 0x00000263b62f5800, 0x00000263b62f6800,
0x00000263b62f0800, 0x00000263b9f45800, 0x00000263b9f44800, 0x00000263b9f46000,
0x00000263b9f40800, 0x00000263b9f41800, 0x00000263b9f48000, 0x00000263b9f47000,
0x00000263b9f42000, 0x00000263b9f48800, 0x00000263b9f43000, 0x00000263b9f49800,
0x00000263b9f43800, 0x00000263b9f4a000, 0x00000263b9f4c800, 0x00000263b9f4c000,
0x00000263b9f4d800, 0x00000263b9f4b000, 0x00000263b9f4e800, 0x00000263b9f4f000,
0x00000263b6f77800, 0x00000263b6f7a000, 0x00000263b6f7b800, 0x00000263b6f7c800,
0x00000263b6f79000, 0x00000263b6f7d000, 0x00000263b6f7a800, 0x00000263b6f7e000,
0x00000263b6f78000, 0x00000263b6f82000, 0x00000263b6f83000, 0x00000263b6f80800,
0x00000263b6f83800, 0x00000263b6f7f000, 0x00000263b6f84800, 0x00000263b6f85800,
0x00000263b6f7f800, 0x00000263b6f86000, 0x00000263b6f81000, 0x00000263b6453000,
0x00000263b6452000, 0x00000263b6454000, 0x00000263baa5c000
}

Java Threads: ( => current thread )
  0x0000026398e1a000 JavaThread "main" [_thread_blocked, id=23436, stack(0x000000b82e600000,0x000000b82e700000)]
  0x00000263b3b5b000 JavaThread "Reference Handler" daemon [_thread_blocked, id=10760, stack(0x000000b82ed00000,0x000000b82ee00000)]
  0x00000263b3b5c000 JavaThread "Finalizer" daemon [_thread_blocked, id=10688, stack(0x000000b82ee00000,0x000000b82ef00000)]
  0x00000263b3bd6800 JavaThread "Signal Dispatcher" daemon [_thread_blocked, id=4192, stack(0x000000b82ef00000,0x000000b82f000000)]
  0x00000263b3bd7800 JavaThread "Attach Listener" daemon [_thread_blocked, id=1568, stack(0x000000b82f000000,0x000000b82f100000)]
  0x00000263b3bd8800 JavaThread "Service Thread" daemon [_thread_blocked, id=25580, stack(0x000000b82f100000,0x000000b82f200000)]
=>0x00000263b3be4000 JavaThread "C2 CompilerThread0" daemon [_thread_in_native, id=24728, stack(0x000000b82f200000,0x000000b82f300000)]
  0x00000263b3bea800 JavaThread "C1 CompilerThread0" daemon [_thread_blocked, id=1740, stack(0x000000b82f300000,0x000000b82f400000)]
  0x00000263b3c1d800 JavaThread "Sweeper thread" daemon [_thread_blocked, id=23228, stack(0x000000b82f400000,0x000000b82f500000)]
  0x00000263b3d84000 JavaThread "Common-Cleaner" daemon [_thread_blocked, id=2124, stack(0x000000b82f500000,0x000000b82f600000)]
  0x00000263b5b78800 JavaThread "Daemon health stats" [_thread_blocked, id=15604, stack(0x000000b82fe00000,0x000000b82ff00000)]
  0x00000263b3ef1800 JavaThread "Incoming local TCP Connector on port 5405" [_thread_in_native, id=2668, stack(0x000000b82f700000,0x000000b82f800000)]
  0x00000263b4f46000 JavaThread "Daemon periodic checks" [_thread_blocked, id=12988, stack(0x000000b82fd00000,0x000000b82fe00000)]
  0x00000263b4ea0000 JavaThread "Daemon" [_thread_blocked, id=4616, stack(0x000000b82ff00000,0x000000b830000000)]
  0x00000263b5bad000 JavaThread "Handler for socket connection from /127.0.0.1:5405 to /127.0.0.1:5406" [_thread_in_native, id=14660, stack(0x000000b830000000,0x000000b830100000)]
  0x00000263b5f20000 JavaThread "Cancel handler" [_thread_blocked, id=10744, stack(0x000000b830100000,0x000000b830200000)]
  0x00000263b6e8d000 JavaThread "Daemon worker" [_thread_in_Java, id=16168, stack(0x000000b830200000,0x000000b830300000)]
  0x00000263b574d800 JavaThread "Asynchronous log dispatcher for DefaultDaemonConnection: socket connection from /127.0.0.1:5405 to /127.0.0.1:5406" [_thread_blocked, id=20648, stack(0x000000b830300000,0x000000b830400000)]
  0x00000263b574e800 JavaThread "Stdin handler" [_thread_blocked, id=132, stack(0x000000b830400000,0x000000b830500000)]
  0x00000263b6066000 JavaThread "Daemon client event forwarder" [_thread_blocked, id=1636, stack(0x000000b830500000,0x000000b830600000)]
  0x00000263b639e000 JavaThread "Cache worker for journal cache (C:\Users\ASUS\.gradle\caches\journal-1)" [_thread_blocked, id=10232, stack(0x000000b830600000,0x000000b830700000)]
  0x00000263b639f000 JavaThread "File lock request listener" [_thread_in_native, id=2060, stack(0x000000b830700000,0x000000b830800000)]
  0x00000263b63a4800 JavaThread "Cache worker for file hash cache (C:\Users\ASUS\.gradle\caches\7.5\fileHashes)" [_thread_blocked, id=9560, stack(0x000000b830b00000,0x000000b830c00000)]
  0x00000263b63a0800 JavaThread "File watcher server" daemon [_thread_in_native, id=24860, stack(0x000000b830d00000,0x000000b830e00000)]
  0x00000263b63a3000 JavaThread "File watcher consumer" daemon [_thread_blocked, id=19880, stack(0x000000b830e00000,0x000000b830f00000)]
  0x00000263b63a1000 JavaThread "Cache worker for checksums cache (D:\AndroidStudio\Androidworkspace\Time\.gradle\7.5\checksums)" [_thread_blocked, id=4700, stack(0x000000b830f00000,0x000000b831000000)]
  0x00000263b639f800 JavaThread "Cache worker for cache directory md-rule (C:\Users\ASUS\.gradle\caches\7.5\md-rule)" [_thread_blocked, id=13716, stack(0x000000b831000000,0x000000b831100000)]
  0x00000263b63a2000 JavaThread "Cache worker for file content cache (C:\Users\ASUS\.gradle\caches\7.5\fileContent)" [_thread_blocked, id=6228, stack(0x000000b831100000,0x000000b831200000)]
  0x00000263b63a3800 JavaThread "Cache worker for file hash cache (D:\AndroidStudio\Androidworkspace\Time\.gradle\7.5\fileHashes)" [_thread_blocked, id=4008, stack(0x000000b831200000,0x000000b831300000)]
  0x00000263b72f4000 JavaThread "Cache worker for cache directory md-supplier (C:\Users\ASUS\.gradle\caches\7.5\md-supplier)" [_thread_blocked, id=5028, stack(0x000000b831300000,0x000000b831400000)]
  0x00000263b72ef000 JavaThread "Cache worker for execution history cache (C:\Users\ASUS\.gradle\caches\7.5\executionHistory)" [_thread_blocked, id=2988, stack(0x000000b831400000,0x000000b831500000)]
  0x00000263b72ee000 JavaThread "jar transforms" [_thread_blocked, id=22476, stack(0x000000b831500000,0x000000b831600000)]
  0x00000263b72f2000 JavaThread "jar transforms Thread 2" [_thread_blocked, id=12008, stack(0x000000b831600000,0x000000b831700000)]
  0x00000263b72f5800 JavaThread "jar transforms Thread 3" [_thread_blocked, id=24996, stack(0x000000b831800000,0x000000b831900000)]
  0x00000263b72ef800 JavaThread "jar transforms Thread 4" [_thread_blocked, id=14612, stack(0x000000b831900000,0x000000b831a00000)]
  0x00000263b72fc000 JavaThread "Cache worker for dependencies-accessors (D:\AndroidStudio\Androidworkspace\Time\.gradle\7.5\dependencies-accessors)" [_thread_blocked, id=5920, stack(0x000000b831a00000,0x000000b831b00000)]
  0x00000263b72fb000 JavaThread "jar transforms Thread 5" [_thread_blocked, id=412, stack(0x000000b831700000,0x000000b831800000)]
  0x00000263b72f8800 JavaThread "Cache worker for Build Output Cleanup Cache (D:\AndroidStudio\Androidworkspace\Time\.gradle\buildOutputCleanup)" [_thread_blocked, id=10392, stack(0x000000b831b00000,0x000000b831c00000)]
  0x00000263b72f6800 JavaThread "Unconstrained build operations" [_thread_blocked, id=11672, stack(0x000000b831c00000,0x000000b831d00000)]
  0x00000263b72f7000 JavaThread "Unconstrained build operations Thread 2" [_thread_blocked, id=20376, stack(0x000000b831e00000,0x000000b831f00000)]
  0x00000263b72f9800 JavaThread "Unconstrained build operations Thread 3" [_thread_blocked, id=4900, stack(0x000000b831f00000,0x000000b832000000)]
  0x00000263b72f8000 JavaThread "Unconstrained build operations Thread 4" [_thread_blocked, id=13816, stack(0x000000b832000000,0x000000b832100000)]
  0x00000263b72fd000 JavaThread "Unconstrained build operations Thread 5" [_thread_blocked, id=19848, stack(0x000000b832100000,0x000000b832200000)]
  0x00000263b46f4800 JavaThread "Unconstrained build operations Thread 6" [_thread_blocked, id=9120, stack(0x000000b832200000,0x000000b832300000)]
  0x00000263b46f4000 JavaThread "Unconstrained build operations Thread 7" [_thread_blocked, id=10572, stack(0x000000b832300000,0x000000b832400000)]
  0x00000263b46f7000 JavaThread "Unconstrained build operations Thread 8" [_thread_blocked, id=24392, stack(0x000000b832400000,0x000000b832500000)]
  0x00000263b46f8000 JavaThread "Unconstrained build operations Thread 9" [_thread_blocked, id=11016, stack(0x000000b832500000,0x000000b832600000)]
  0x00000263b46f8800 JavaThread "Unconstrained build operations Thread 10" [_thread_blocked, id=20476, stack(0x000000b832600000,0x000000b832700000)]
  0x00000263b46f3000 JavaThread "Unconstrained build operations Thread 11" [_thread_blocked, id=24632, stack(0x000000b832700000,0x000000b832800000)]
  0x00000263b46f9800 JavaThread "Unconstrained build operations Thread 12" [_thread_blocked, id=10164, stack(0x000000b832800000,0x000000b832900000)]
  0x00000263b46fa800 JavaThread "Unconstrained build operations Thread 13" [_thread_blocked, id=25124, stack(0x000000b832900000,0x000000b832a00000)]
  0x00000263b46fb000 JavaThread "Unconstrained build operations Thread 14" [_thread_blocked, id=18272, stack(0x000000b832a00000,0x000000b832b00000)]
  0x00000263b46f5800 JavaThread "Unconstrained build operations Thread 15" [_thread_blocked, id=9112, stack(0x000000b832b00000,0x000000b832c00000)]
  0x00000263b46fc000 JavaThread "Unconstrained build operations Thread 16" [_thread_blocked, id=18636, stack(0x000000b832c00000,0x000000b832d00000)]
  0x00000263b46f6000 JavaThread "Unconstrained build operations Thread 17" [_thread_blocked, id=13424, stack(0x000000b832d00000,0x000000b832e00000)]
  0x00000263b46fd800 JavaThread "Unconstrained build operations Thread 18" [_thread_blocked, id=22320, stack(0x000000b832e00000,0x000000b832f00000)]
  0x00000263b4701800 JavaThread "Unconstrained build operations Thread 19" [_thread_blocked, id=24696, stack(0x000000b832f00000,0x000000b833000000)]
  0x00000263b4700000 JavaThread "Unconstrained build operations Thread 20" [_thread_blocked, id=19144, stack(0x000000b833000000,0x000000b833100000)]
  0x00000263b46fe800 JavaThread "Unconstrained build operations Thread 21" [_thread_blocked, id=4892, stack(0x000000b833100000,0x000000b833200000)]
  0x00000263b4701000 JavaThread "Unconstrained build operations Thread 22" [_thread_blocked, id=12692, stack(0x000000b833200000,0x000000b833300000)]
  0x00000263b46fc800 JavaThread "Unconstrained build operations Thread 23" [_thread_blocked, id=22228, stack(0x000000b833300000,0x000000b833400000)]
  0x00000263b46ff000 JavaThread "Unconstrained build operations Thread 24" [_thread_blocked, id=22124, stack(0x000000b833400000,0x000000b833500000)]
  0x00000263b62eb000 JavaThread "Unconstrained build operations Thread 25" [_thread_blocked, id=1520, stack(0x000000b833500000,0x000000b833600000)]
  0x00000263b62eb800 JavaThread "Unconstrained build operations Thread 26" [_thread_blocked, id=24732, stack(0x000000b833600000,0x000000b833700000)]
  0x00000263b62ec800 JavaThread "Unconstrained build operations Thread 27" [_thread_blocked, id=12240, stack(0x000000b833700000,0x000000b833800000)]
  0x00000263b62ed800 JavaThread "Unconstrained build operations Thread 28" [_thread_blocked, id=25496, stack(0x000000b833800000,0x000000b833900000)]
  0x00000263b62e9800 JavaThread "Unconstrained build operations Thread 29" [_thread_blocked, id=13056, stack(0x000000b833900000,0x000000b833a00000)]
  0x00000263b62e7800 JavaThread "Unconstrained build operations Thread 30" [_thread_blocked, id=7024, stack(0x000000b833a00000,0x000000b833b00000)]
  0x00000263b62ee000 JavaThread "Unconstrained build operations Thread 31" [_thread_blocked, id=15352, stack(0x000000b833b00000,0x000000b833c00000)]
  0x00000263b62e8800 JavaThread "Unconstrained build operations Thread 32" [_thread_blocked, id=14864, stack(0x000000b833c00000,0x000000b833d00000)]
  0x00000263b62ef000 JavaThread "Unconstrained build operations Thread 33" [_thread_blocked, id=3672, stack(0x000000b833d00000,0x000000b833e00000)]
  0x00000263b62f0000 JavaThread "Unconstrained build operations Thread 34" [_thread_blocked, id=9720, stack(0x000000b833e00000,0x000000b833f00000)]
  0x00000263b62ea000 JavaThread "Unconstrained build operations Thread 35" [_thread_blocked, id=14956, stack(0x000000b833f00000,0x000000b834000000)]
  0x00000263b62f4800 JavaThread "Unconstrained build operations Thread 36" [_thread_blocked, id=22148, stack(0x000000b834000000,0x000000b834100000)]
  0x00000263b62f1800 JavaThread "Unconstrained build operations Thread 37" [_thread_blocked, id=2144, stack(0x000000b834100000,0x000000b834200000)]
  0x00000263b62f2000 JavaThread "Unconstrained build operations Thread 38" [_thread_blocked, id=10756, stack(0x000000b834200000,0x000000b834300000)]
  0x00000263b62f3000 JavaThread "Unconstrained build operations Thread 39" [_thread_blocked, id=25236, stack(0x000000b834300000,0x000000b834400000)]
  0x00000263b62f4000 JavaThread "Unconstrained build operations Thread 40" [_thread_blocked, id=14500, stack(0x000000b834400000,0x000000b834500000)]
  0x00000263b62f5800 JavaThread "Unconstrained build operations Thread 41" [_thread_blocked, id=13900, stack(0x000000b834500000,0x000000b834600000)]
  0x00000263b62f6800 JavaThread "Unconstrained build operations Thread 42" [_thread_blocked, id=7872, stack(0x000000b834600000,0x000000b834700000)]
  0x00000263b62f0800 JavaThread "Unconstrained build operations Thread 43" [_thread_blocked, id=13172, stack(0x000000b834700000,0x000000b834800000)]
  0x00000263b9f45800 JavaThread "Unconstrained build operations Thread 44" [_thread_blocked, id=24400, stack(0x000000b834800000,0x000000b834900000)]
  0x00000263b9f44800 JavaThread "Unconstrained build operations Thread 45" [_thread_blocked, id=14880, stack(0x000000b834900000,0x000000b834a00000)]
  0x00000263b9f46000 JavaThread "Unconstrained build operations Thread 46" [_thread_blocked, id=14584, stack(0x000000b834a00000,0x000000b834b00000)]
  0x00000263b9f40800 JavaThread "Unconstrained build operations Thread 47" [_thread_blocked, id=20260, stack(0x000000b834b00000,0x000000b834c00000)]
  0x00000263b9f41800 JavaThread "Unconstrained build operations Thread 48" [_thread_blocked, id=8556, stack(0x000000b834c00000,0x000000b834d00000)]
  0x00000263b9f48000 JavaThread "Unconstrained build operations Thread 49" [_thread_blocked, id=18104, stack(0x000000b834d00000,0x000000b834e00000)]
  0x00000263b9f47000 JavaThread "Unconstrained build operations Thread 50" [_thread_blocked, id=25240, stack(0x000000b834e00000,0x000000b834f00000)]
  0x00000263b9f42000 JavaThread "Unconstrained build operations Thread 51" [_thread_blocked, id=18028, stack(0x000000b834f00000,0x000000b835000000)]
  0x00000263b9f48800 JavaThread "Unconstrained build operations Thread 52" [_thread_blocked, id=19572, stack(0x000000b835000000,0x000000b835100000)]
  0x00000263b9f43000 JavaThread "Unconstrained build operations Thread 53" [_thread_blocked, id=19380, stack(0x000000b835100000,0x000000b835200000)]
  0x00000263b9f49800 JavaThread "Unconstrained build operations Thread 54" [_thread_blocked, id=12624, stack(0x000000b835200000,0x000000b835300000)]
  0x00000263b9f43800 JavaThread "Unconstrained build operations Thread 55" [_thread_blocked, id=25140, stack(0x000000b835300000,0x000000b835400000)]
  0x00000263b9f4a000 JavaThread "Unconstrained build operations Thread 56" [_thread_blocked, id=22120, stack(0x000000b835400000,0x000000b835500000)]
  0x00000263b9f4c800 JavaThread "Unconstrained build operations Thread 57" [_thread_blocked, id=15756, stack(0x000000b835500000,0x000000b835600000)]
  0x00000263b9f4c000 JavaThread "Unconstrained build operations Thread 58" [_thread_blocked, id=12128, stack(0x000000b835600000,0x000000b835700000)]
  0x00000263b9f4d800 JavaThread "Unconstrained build operations Thread 59" [_thread_blocked, id=23444, stack(0x000000b835700000,0x000000b835800000)]
  0x00000263b9f4b000 JavaThread "Unconstrained build operations Thread 60" [_thread_blocked, id=15248, stack(0x000000b835800000,0x000000b835900000)]
  0x00000263b9f4e800 JavaThread "Unconstrained build operations Thread 61" [_thread_blocked, id=6344, stack(0x000000b835900000,0x000000b835a00000)]
  0x00000263b9f4f000 JavaThread "Unconstrained build operations Thread 62" [_thread_blocked, id=20308, stack(0x000000b835a00000,0x000000b835b00000)]
  0x00000263b6f77800 JavaThread "Unconstrained build operations Thread 63" [_thread_blocked, id=24612, stack(0x000000b835b00000,0x000000b835c00000)]
  0x00000263b6f7a000 JavaThread "Unconstrained build operations Thread 64" [_thread_blocked, id=25592, stack(0x000000b835c00000,0x000000b835d00000)]
  0x00000263b6f7b800 JavaThread "Unconstrained build operations Thread 65" [_thread_blocked, id=25332, stack(0x000000b835d00000,0x000000b835e00000)]
  0x00000263b6f7c800 JavaThread "Unconstrained build operations Thread 66" [_thread_blocked, id=22392, stack(0x000000b835e00000,0x000000b835f00000)]
  0x00000263b6f79000 JavaThread "Unconstrained build operations Thread 67" [_thread_blocked, id=4884, stack(0x000000b835f00000,0x000000b836000000)]
  0x00000263b6f7d000 JavaThread "Unconstrained build operations Thread 68" [_thread_blocked, id=23916, stack(0x000000b836000000,0x000000b836100000)]
  0x00000263b6f7a800 JavaThread "Unconstrained build operations Thread 69" [_thread_blocked, id=9596, stack(0x000000b836100000,0x000000b836200000)]
  0x00000263b6f7e000 JavaThread "Unconstrained build operations Thread 70" [_thread_blocked, id=24796, stack(0x000000b836200000,0x000000b836300000)]
  0x00000263b6f78000 JavaThread "Unconstrained build operations Thread 71" [_thread_blocked, id=15100, stack(0x000000b836300000,0x000000b836400000)]
  0x00000263b6f82000 JavaThread "Unconstrained build operations Thread 72" [_thread_blocked, id=25488, stack(0x000000b836400000,0x000000b836500000)]
  0x00000263b6f83000 JavaThread "Unconstrained build operations Thread 73" [_thread_blocked, id=19384, stack(0x000000b836500000,0x000000b836600000)]
  0x00000263b6f80800 JavaThread "Unconstrained build operations Thread 74" [_thread_blocked, id=15836, stack(0x000000b836600000,0x000000b836700000)]
  0x00000263b6f83800 JavaThread "Unconstrained build operations Thread 75" [_thread_blocked, id=10108, stack(0x000000b836700000,0x000000b836800000)]
  0x00000263b6f7f000 JavaThread "Unconstrained build operations Thread 76" [_thread_blocked, id=14256, stack(0x000000b836800000,0x000000b836900000)]
  0x00000263b6f84800 JavaThread "Unconstrained build operations Thread 77" [_thread_blocked, id=25460, stack(0x000000b836900000,0x000000b836a00000)]
  0x00000263b6f85800 JavaThread "Unconstrained build operations Thread 78" [_thread_blocked, id=24540, stack(0x000000b836a00000,0x000000b836b00000)]
  0x00000263b6f7f800 JavaThread "Unconstrained build operations Thread 79" [_thread_blocked, id=14212, stack(0x000000b836b00000,0x000000b836c00000)]
  0x00000263b6f86000 JavaThread "Unconstrained build operations Thread 80" [_thread_blocked, id=2888, stack(0x000000b836c00000,0x000000b836d00000)]
  0x00000263b6f81000 JavaThread "jar transforms Thread 6" [_thread_blocked, id=16736, stack(0x000000b836d00000,0x000000b836e00000)]
  0x00000263b6453000 JavaThread "jar transforms Thread 7" [_thread_blocked, id=25356, stack(0x000000b836e00000,0x000000b836f00000)]
  0x00000263b6452000 JavaThread "jar transforms Thread 8" [_thread_blocked, id=9324, stack(0x000000b836f00000,0x000000b837000000)]
  0x00000263b6454000 JavaThread "build event listener" [_thread_blocked, id=1856, stack(0x000000b837000000,0x000000b837100000)]
  0x00000263baa5c000 JavaThread "C2 CompilerThread1" daemon [_thread_in_native, id=19168, stack(0x000000b830c00000,0x000000b830d00000)]

Other Threads:
  0x00000263b3b58800 VMThread "VM Thread" [stack: 0x000000b82ec00000,0x000000b82ed00000] [id=9848]
  0x00000263b3d93800 WatcherThread [stack: 0x000000b82f600000,0x000000b82f700000] [id=19344]
  0x0000026398e31800 GCTaskThread "GC Thread#0" [stack: 0x000000b82e700000,0x000000b82e800000] [id=11548]
  0x00000263b48c3000 GCTaskThread "GC Thread#1" [stack: 0x000000b82f800000,0x000000b82f900000] [id=25184]
  0x00000263b4252000 GCTaskThread "GC Thread#2" [stack: 0x000000b82f900000,0x000000b82fa00000] [id=22404]
  0x00000263b4267000 GCTaskThread "GC Thread#3" [stack: 0x000000b82fa00000,0x000000b82fb00000] [id=17216]
  0x00000263b4409800 GCTaskThread "GC Thread#4" [stack: 0x000000b82fb00000,0x000000b82fc00000] [id=22328]
  0x00000263b4cda000 GCTaskThread "GC Thread#5" [stack: 0x000000b82fc00000,0x000000b82fd00000] [id=19972]
  0x00000263b6828000 GCTaskThread "GC Thread#6" [stack: 0x000000b830800000,0x000000b830900000] [id=8656]
  0x00000263b5fcf000 GCTaskThread "GC Thread#7" [stack: 0x000000b830900000,0x000000b830a00000] [id=1872]
  0x0000026398e66800 ConcurrentGCThread "G1 Main Marker" [stack: 0x000000b82e800000,0x000000b82e900000] [id=25048]
  0x0000026398e68000 ConcurrentGCThread "G1 Conc#0" [stack: 0x000000b82e900000,0x000000b82ea00000] [id=13944]
  0x00000263b689f800 ConcurrentGCThread "G1 Conc#1" [stack: 0x000000b830a00000,0x000000b830b00000] [id=25524]
  0x0000026398eee800 ConcurrentGCThread "G1 Refine#0" [stack: 0x000000b82ea00000,0x000000b82eb00000] [id=2944]
  0x00000263b31a8800 ConcurrentGCThread "G1 Young RemSet Sampling" [stack: 0x000000b82eb00000,0x000000b82ec00000] [id=8796]

Threads with active compile tasks:
C2 CompilerThread0    12859 6204   !   4       com.google.common.reflect.TypeVisitor::visit (244 bytes)
C2 CompilerThread1    12859 6266       4       org.gradle.internal.service.DefaultServiceRegistry$ClassInspector$ClassDetails::collectTypes (63 bytes)

VM state:not at safepoint (normal execution)

VM Mutex/Monitor currently owned by a thread: None

Heap address: 0x0000000080000000, size: 2048 MB, Compressed Oops mode: 32-bit
Narrow klass base: 0x0000000000000000, Narrow klass shift: 3
Compressed class space size: 1073741824 Address: 0x0000000100000000

Heap:
 garbage-first heap   total 260096K, used 73135K [0x0000000080000000, 0x0000000100000000)
  region size 1024K, 48 young (49152K), 19 survivors (19456K)
 Metaspace       used 62464K, capacity 64034K, committed 64176K, reserved 1105920K
  class space    used 7868K, capacity 8435K, committed 8448K, reserved 1048576K
Heap Regions: E=young(eden), S=young(survivor), O=old, HS=humongous(starts), HC=humongous(continues), CS=collection set, F=free, A=archive, TAMS=top-at-mark-start (previous, next)
|   0|0x0000000080000000, 0x0000000080100000, 0x0000000080100000|100%| O|  |TAMS 0x0000000080100000, 0x0000000080000000| Untracked 
|   1|0x0000000080100000, 0x0000000080200000, 0x0000000080200000|100%| O|  |TAMS 0x0000000080200000, 0x0000000080100000| Untracked 
|   2|0x0000000080200000, 0x0000000080300000, 0x0000000080300000|100%| O|  |TAMS 0x0000000080300000, 0x0000000080200000| Untracked 
|   3|0x0000000080300000, 0x0000000080400000, 0x0000000080400000|100%|HS|  |TAMS 0x0000000080400000, 0x0000000080300000| Complete 
|   4|0x0000000080400000, 0x0000000080500000, 0x0000000080500000|100%|HC|  |TAMS 0x0000000080500000, 0x0000000080400000| Complete 
|   5|0x0000000080500000, 0x0000000080600000, 0x0000000080600000|100%|HC|  |TAMS 0x0000000080600000, 0x0000000080500000| Complete 
|   6|0x0000000080600000, 0x0000000080700000, 0x0000000080700000|100%| O|  |TAMS 0x0000000080700000, 0x0000000080600000| Untracked 
|   7|0x0000000080700000, 0x0000000080800000, 0x0000000080800000|100%| O|  |TAMS 0x0000000080800000, 0x0000000080700000| Untracked 
|   8|0x0000000080800000, 0x0000000080900000, 0x0000000080900000|100%| O|  |TAMS 0x0000000080900000, 0x0000000080800000| Untracked 
|   9|0x0000000080900000, 0x0000000080a00000, 0x0000000080a00000|100%| O|  |TAMS 0x0000000080a00000, 0x0000000080900000| Untracked 
|  10|0x0000000080a00000, 0x0000000080b00000, 0x0000000080b00000|100%| O|  |TAMS 0x0000000080b00000, 0x0000000080a00000| Untracked 
|  11|0x0000000080b00000, 0x0000000080c00000, 0x0000000080c00000|100%| O|  |TAMS 0x0000000080c00000, 0x0000000080b00000| Untracked 
|  12|0x0000000080c00000, 0x0000000080d00000, 0x0000000080d00000|100%| O|  |TAMS 0x0000000080d00000, 0x0000000080c00000| Untracked 
|  13|0x0000000080d00000, 0x0000000080e00000, 0x0000000080e00000|100%| O|  |TAMS 0x0000000080e00000, 0x0000000080d00000| Untracked 
|  14|0x0000000080e00000, 0x0000000080f00000, 0x0000000080f00000|100%| O|  |TAMS 0x0000000080f00000, 0x0000000080e00000| Untracked 
|  15|0x0000000080f00000, 0x0000000081000000, 0x0000000081000000|100%| O|  |TAMS 0x0000000081000000, 0x0000000080f00000| Untracked 
|  16|0x0000000081000000, 0x0000000081100000, 0x0000000081100000|100%| O|  |TAMS 0x0000000081100000, 0x0000000081000000| Untracked 
|  17|0x0000000081100000, 0x0000000081200000, 0x0000000081200000|100%| O|  |TAMS 0x0000000081200000, 0x0000000081100000| Untracked 
|  18|0x0000000081200000, 0x0000000081300000, 0x0000000081300000|100%|HS|  |TAMS 0x0000000081300000, 0x0000000081200000| Complete 
|  19|0x0000000081300000, 0x0000000081400000, 0x0000000081400000|100%|HS|  |TAMS 0x0000000081400000, 0x0000000081300000| Complete 
|  20|0x0000000081400000, 0x0000000081400000, 0x0000000081500000|  0%| F|  |TAMS 0x0000000081400000, 0x0000000081400000| Untracked 
|  21|0x0000000081500000, 0x0000000081600000, 0x0000000081600000|100%| O|  |TAMS 0x0000000081600000, 0x0000000081500000| Untracked 
|  22|0x0000000081600000, 0x0000000081700000, 0x0000000081700000|100%| O|  |TAMS 0x0000000081700000, 0x0000000081600000| Untracked 
|  23|0x0000000081700000, 0x0000000081800000, 0x0000000081800000|100%| O|  |TAMS 0x0000000081800000, 0x0000000081700000| Untracked 
|  24|0x0000000081800000, 0x0000000081900000, 0x0000000081900000|100%| O|  |TAMS 0x0000000081900000, 0x0000000081800000| Untracked 
|  25|0x0000000081900000, 0x000000008196bc00, 0x0000000081a00000| 42%| O|  |TAMS 0x000000008196bc00, 0x0000000081900000| Untracked 
|  26|0x0000000081a00000, 0x0000000081a00000, 0x0000000081b00000|  0%| F|  |TAMS 0x0000000081a00000, 0x0000000081a00000| Untracked 
|  27|0x0000000081b00000, 0x0000000081b00000, 0x0000000081c00000|  0%| F|  |TAMS 0x0000000081b00000, 0x0000000081b00000| Untracked 
|  28|0x0000000081c00000, 0x0000000081c00000, 0x0000000081d00000|  0%| F|  |TAMS 0x0000000081c00000, 0x0000000081c00000| Untracked 
|  29|0x0000000081d00000, 0x0000000081d00000, 0x0000000081e00000|  0%| F|  |TAMS 0x0000000081d00000, 0x0000000081d00000| Untracked 
|  30|0x0000000081e00000, 0x0000000081e00000, 0x0000000081f00000|  0%| F|  |TAMS 0x0000000081e00000, 0x0000000081e00000| Untracked 
|  31|0x0000000081f00000, 0x0000000081f00000, 0x0000000082000000|  0%| F|  |TAMS 0x0000000081f00000, 0x0000000081f00000| Untracked 
|  32|0x0000000082000000, 0x0000000082000000, 0x0000000082100000|  0%| F|  |TAMS 0x0000000082000000, 0x0000000082000000| Untracked 
|  33|0x0000000082100000, 0x0000000082100000, 0x0000000082200000|  0%| F|  |TAMS 0x0000000082100000, 0x0000000082100000| Untracked 
|  34|0x0000000082200000, 0x0000000082200000, 0x0000000082300000|  0%| F|  |TAMS 0x0000000082200000, 0x0000000082200000| Untracked 
|  35|0x0000000082300000, 0x0000000082300000, 0x0000000082400000|  0%| F|  |TAMS 0x0000000082300000, 0x0000000082300000| Untracked 
|  36|0x0000000082400000, 0x0000000082400000, 0x0000000082500000|  0%| F|  |TAMS 0x0000000082400000, 0x0000000082400000| Untracked 
|  37|0x0000000082500000, 0x0000000082500000, 0x0000000082600000|  0%| F|  |TAMS 0x0000000082500000, 0x0000000082500000| Untracked 
|  38|0x0000000082600000, 0x0000000082600000, 0x0000000082700000|  0%| F|  |TAMS 0x0000000082600000, 0x0000000082600000| Untracked 
|  39|0x0000000082700000, 0x0000000082700000, 0x0000000082800000|  0%| F|  |TAMS 0x0000000082700000, 0x0000000082700000| Untracked 
|  40|0x0000000082800000, 0x0000000082800000, 0x0000000082900000|  0%| F|  |TAMS 0x0000000082800000, 0x0000000082800000| Untracked 
|  41|0x0000000082900000, 0x0000000082900000, 0x0000000082a00000|  0%| F|  |TAMS 0x0000000082900000, 0x0000000082900000| Untracked 
|  42|0x0000000082a00000, 0x0000000082a00000, 0x0000000082b00000|  0%| F|  |TAMS 0x0000000082a00000, 0x0000000082a00000| Untracked 
|  43|0x0000000082b00000, 0x0000000082b00000, 0x0000000082c00000|  0%| F|  |TAMS 0x0000000082b00000, 0x0000000082b00000| Untracked 
|  44|0x0000000082c00000, 0x0000000082c00000, 0x0000000082d00000|  0%| F|  |TAMS 0x0000000082c00000, 0x0000000082c00000| Untracked 
|  45|0x0000000082d00000, 0x0000000082d00000, 0x0000000082e00000|  0%| F|  |TAMS 0x0000000082d00000, 0x0000000082d00000| Untracked 
|  46|0x0000000082e00000, 0x0000000082e00000, 0x0000000082f00000|  0%| F|  |TAMS 0x0000000082e00000, 0x0000000082e00000| Untracked 
|  47|0x0000000082f00000, 0x0000000082f00000, 0x0000000083000000|  0%| F|  |TAMS 0x0000000082f00000, 0x0000000082f00000| Untracked 
|  48|0x0000000083000000, 0x0000000083000000, 0x0000000083100000|  0%| F|  |TAMS 0x0000000083000000, 0x0000000083000000| Untracked 
|  49|0x0000000083100000, 0x0000000083100000, 0x0000000083200000|  0%| F|  |TAMS 0x0000000083100000, 0x0000000083100000| Untracked 
|  50|0x0000000083200000, 0x0000000083200000, 0x0000000083300000|  0%| F|  |TAMS 0x0000000083200000, 0x0000000083200000| Untracked 
|  51|0x0000000083300000, 0x0000000083300000, 0x0000000083400000|  0%| F|  |TAMS 0x0000000083300000, 0x0000000083300000| Untracked 
|  52|0x0000000083400000, 0x0000000083400000, 0x0000000083500000|  0%| F|  |TAMS 0x0000000083400000, 0x0000000083400000| Untracked 
|  53|0x0000000083500000, 0x0000000083500000, 0x0000000083600000|  0%| F|  |TAMS 0x0000000083500000, 0x0000000083500000| Untracked 
|  54|0x0000000083600000, 0x0000000083600000, 0x0000000083700000|  0%| F|  |TAMS 0x0000000083600000, 0x0000000083600000| Untracked 
|  55|0x0000000083700000, 0x0000000083700000, 0x0000000083800000|  0%| F|  |TAMS 0x0000000083700000, 0x0000000083700000| Untracked 
|  56|0x0000000083800000, 0x0000000083800000, 0x0000000083900000|  0%| F|  |TAMS 0x0000000083800000, 0x0000000083800000| Untracked 
|  57|0x0000000083900000, 0x0000000083900000, 0x0000000083a00000|  0%| F|  |TAMS 0x0000000083900000, 0x0000000083900000| Untracked 
|  58|0x0000000083a00000, 0x0000000083a00000, 0x0000000083b00000|  0%| F|  |TAMS 0x0000000083a00000, 0x0000000083a00000| Untracked 
|  59|0x0000000083b00000, 0x0000000083b00000, 0x0000000083c00000|  0%| F|  |TAMS 0x0000000083b00000, 0x0000000083b00000| Untracked 
|  60|0x0000000083c00000, 0x0000000083c00000, 0x0000000083d00000|  0%| F|  |TAMS 0x0000000083c00000, 0x0000000083c00000| Untracked 
|  61|0x0000000083d00000, 0x0000000083d00000, 0x0000000083e00000|  0%| F|  |TAMS 0x0000000083d00000, 0x0000000083d00000| Untracked 
|  62|0x0000000083e00000, 0x0000000083e00000, 0x0000000083f00000|  0%| F|  |TAMS 0x0000000083e00000, 0x0000000083e00000| Untracked 
|  63|0x0000000083f00000, 0x0000000083f00000, 0x0000000084000000|  0%| F|  |TAMS 0x0000000083f00000, 0x0000000083f00000| Untracked 
|  64|0x0000000084000000, 0x0000000084000000, 0x0000000084100000|  0%| F|  |TAMS 0x0000000084000000, 0x0000000084000000| Untracked 
|  65|0x0000000084100000, 0x0000000084100000, 0x0000000084200000|  0%| F|  |TAMS 0x0000000084100000, 0x0000000084100000| Untracked 
|  66|0x0000000084200000, 0x0000000084200000, 0x0000000084300000|  0%| F|  |TAMS 0x0000000084200000, 0x0000000084200000| Untracked 
|  67|0x0000000084300000, 0x0000000084300000, 0x0000000084400000|  0%| F|  |TAMS 0x0000000084300000, 0x0000000084300000| Untracked 
|  68|0x0000000084400000, 0x0000000084400000, 0x0000000084500000|  0%| F|  |TAMS 0x0000000084400000, 0x0000000084400000| Untracked 
|  69|0x0000000084500000, 0x0000000084500000, 0x0000000084600000|  0%| F|  |TAMS 0x0000000084500000, 0x0000000084500000| Untracked 
|  70|0x0000000084600000, 0x0000000084600000, 0x0000000084700000|  0%| F|  |TAMS 0x0000000084600000, 0x0000000084600000| Untracked 
|  71|0x0000000084700000, 0x0000000084700000, 0x0000000084800000|  0%| F|  |TAMS 0x0000000084700000, 0x0000000084700000| Untracked 
|  72|0x0000000084800000, 0x0000000084800000, 0x0000000084900000|  0%| F|  |TAMS 0x0000000084800000, 0x0000000084800000| Untracked 
|  73|0x0000000084900000, 0x0000000084900000, 0x0000000084a00000|  0%| F|  |TAMS 0x0000000084900000, 0x0000000084900000| Untracked 
|  74|0x0000000084a00000, 0x0000000084a00000, 0x0000000084b00000|  0%| F|  |TAMS 0x0000000084a00000, 0x0000000084a00000| Untracked 
|  75|0x0000000084b00000, 0x0000000084b00000, 0x0000000084c00000|  0%| F|  |TAMS 0x0000000084b00000, 0x0000000084b00000| Untracked 
|  76|0x0000000084c00000, 0x0000000084c00000, 0x0000000084d00000|  0%| F|  |TAMS 0x0000000084c00000, 0x0000000084c00000| Untracked 
|  77|0x0000000084d00000, 0x0000000084d00000, 0x0000000084e00000|  0%| F|  |TAMS 0x0000000084d00000, 0x0000000084d00000| Untracked 
|  78|0x0000000084e00000, 0x0000000084e00000, 0x0000000084f00000|  0%| F|  |TAMS 0x0000000084e00000, 0x0000000084e00000| Untracked 
|  79|0x0000000084f00000, 0x0000000084f00000, 0x0000000085000000|  0%| F|  |TAMS 0x0000000084f00000, 0x0000000084f00000| Untracked 
|  80|0x0000000085000000, 0x0000000085000000, 0x0000000085100000|  0%| F|  |TAMS 0x0000000085000000, 0x0000000085000000| Untracked 
|  81|0x0000000085100000, 0x0000000085100000, 0x0000000085200000|  0%| F|  |TAMS 0x0000000085100000, 0x0000000085100000| Untracked 
|  82|0x0000000085200000, 0x0000000085200000, 0x0000000085300000|  0%| F|  |TAMS 0x0000000085200000, 0x0000000085200000| Untracked 
|  83|0x0000000085300000, 0x0000000085300000, 0x0000000085400000|  0%| F|  |TAMS 0x0000000085300000, 0x0000000085300000| Untracked 
|  84|0x0000000085400000, 0x0000000085400000, 0x0000000085500000|  0%| F|  |TAMS 0x0000000085400000, 0x0000000085400000| Untracked 
|  85|0x0000000085500000, 0x0000000085500000, 0x0000000085600000|  0%| F|  |TAMS 0x0000000085500000, 0x0000000085500000| Untracked 
|  86|0x0000000085600000, 0x0000000085600000, 0x0000000085700000|  0%| F|  |TAMS 0x0000000085600000, 0x0000000085600000| Untracked 
|  87|0x0000000085700000, 0x0000000085700000, 0x0000000085800000|  0%| F|  |TAMS 0x0000000085700000, 0x0000000085700000| Untracked 
|  88|0x0000000085800000, 0x0000000085800000, 0x0000000085900000|  0%| F|  |TAMS 0x0000000085800000, 0x0000000085800000| Untracked 
|  89|0x0000000085900000, 0x0000000085900000, 0x0000000085a00000|  0%| F|  |TAMS 0x0000000085900000, 0x0000000085900000| Untracked 
|  90|0x0000000085a00000, 0x0000000085a00000, 0x0000000085b00000|  0%| F|  |TAMS 0x0000000085a00000, 0x0000000085a00000| Untracked 
|  91|0x0000000085b00000, 0x0000000085b00000, 0x0000000085c00000|  0%| F|  |TAMS 0x0000000085b00000, 0x0000000085b00000| Untracked 
|  92|0x0000000085c00000, 0x0000000085c00000, 0x0000000085d00000|  0%| F|  |TAMS 0x0000000085c00000, 0x0000000085c00000| Untracked 
|  93|0x0000000085d00000, 0x0000000085d00000, 0x0000000085e00000|  0%| F|  |TAMS 0x0000000085d00000, 0x0000000085d00000| Untracked 
|  94|0x0000000085e00000, 0x0000000085e00000, 0x0000000085f00000|  0%| F|  |TAMS 0x0000000085e00000, 0x0000000085e00000| Untracked 
|  95|0x0000000085f00000, 0x0000000085f00000, 0x0000000086000000|  0%| F|  |TAMS 0x0000000085f00000, 0x0000000085f00000| Untracked 
|  96|0x0000000086000000, 0x0000000086000000, 0x0000000086100000|  0%| F|  |TAMS 0x0000000086000000, 0x0000000086000000| Untracked 
|  97|0x0000000086100000, 0x0000000086100000, 0x0000000086200000|  0%| F|  |TAMS 0x0000000086100000, 0x0000000086100000| Untracked 
|  98|0x0000000086200000, 0x0000000086200000, 0x0000000086300000|  0%| F|  |TAMS 0x0000000086200000, 0x0000000086200000| Untracked 
|  99|0x0000000086300000, 0x0000000086300000, 0x0000000086400000|  0%| F|  |TAMS 0x0000000086300000, 0x0000000086300000| Untracked 
| 100|0x0000000086400000, 0x0000000086400000, 0x0000000086500000|  0%| F|  |TAMS 0x0000000086400000, 0x0000000086400000| Untracked 
| 101|0x0000000086500000, 0x0000000086500000, 0x0000000086600000|  0%| F|  |TAMS 0x0000000086500000, 0x0000000086500000| Untracked 
| 102|0x0000000086600000, 0x0000000086600000, 0x0000000086700000|  0%| F|  |TAMS 0x0000000086600000, 0x0000000086600000| Untracked 
| 103|0x0000000086700000, 0x0000000086700000, 0x0000000086800000|  0%| F|  |TAMS 0x0000000086700000, 0x0000000086700000| Untracked 
| 104|0x0000000086800000, 0x0000000086800000, 0x0000000086900000|  0%| F|  |TAMS 0x0000000086800000, 0x0000000086800000| Untracked 
| 105|0x0000000086900000, 0x0000000086900000, 0x0000000086a00000|  0%| F|  |TAMS 0x0000000086900000, 0x0000000086900000| Untracked 
| 106|0x0000000086a00000, 0x0000000086a00000, 0x0000000086b00000|  0%| F|  |TAMS 0x0000000086a00000, 0x0000000086a00000| Untracked 
| 107|0x0000000086b00000, 0x0000000086b00000, 0x0000000086c00000|  0%| F|  |TAMS 0x0000000086b00000, 0x0000000086b00000| Untracked 
| 108|0x0000000086c00000, 0x0000000086c00000, 0x0000000086d00000|  0%| F|  |TAMS 0x0000000086c00000, 0x0000000086c00000| Untracked 
| 109|0x0000000086d00000, 0x0000000086d00000, 0x0000000086e00000|  0%| F|  |TAMS 0x0000000086d00000, 0x0000000086d00000| Untracked 
| 110|0x0000000086e00000, 0x0000000086e00000, 0x0000000086f00000|  0%| F|  |TAMS 0x0000000086e00000, 0x0000000086e00000| Untracked 
| 111|0x0000000086f00000, 0x0000000086f00000, 0x0000000087000000|  0%| F|  |TAMS 0x0000000086f00000, 0x0000000086f00000| Untracked 
| 112|0x0000000087000000, 0x0000000087000000, 0x0000000087100000|  0%| F|  |TAMS 0x0000000087000000, 0x0000000087000000| Untracked 
| 113|0x0000000087100000, 0x0000000087100000, 0x0000000087200000|  0%| F|  |TAMS 0x0000000087100000, 0x0000000087100000| Untracked 
| 114|0x0000000087200000, 0x0000000087200000, 0x0000000087300000|  0%| F|  |TAMS 0x0000000087200000, 0x0000000087200000| Untracked 
| 115|0x0000000087300000, 0x0000000087300000, 0x0000000087400000|  0%| F|  |TAMS 0x0000000087300000, 0x0000000087300000| Untracked 
| 116|0x0000000087400000, 0x0000000087400000, 0x0000000087500000|  0%| F|  |TAMS 0x0000000087400000, 0x0000000087400000| Untracked 
| 117|0x0000000087500000, 0x0000000087500000, 0x0000000087600000|  0%| F|  |TAMS 0x0000000087500000, 0x0000000087500000| Untracked 
| 118|0x0000000087600000, 0x0000000087600000, 0x0000000087700000|  0%| F|  |TAMS 0x0000000087600000, 0x0000000087600000| Untracked 
| 119|0x0000000087700000, 0x0000000087800000, 0x0000000087800000|100%| S|CS|TAMS 0x0000000087700000, 0x0000000087700000| Complete 
| 120|0x0000000087800000, 0x0000000087900000, 0x0000000087900000|100%| S|CS|TAMS 0x0000000087800000, 0x0000000087800000| Complete 
| 121|0x0000000087900000, 0x0000000087a00000, 0x0000000087a00000|100%| S|CS|TAMS 0x0000000087900000, 0x0000000087900000| Complete 
| 122|0x0000000087a00000, 0x0000000087b00000, 0x0000000087b00000|100%| S|CS|TAMS 0x0000000087a00000, 0x0000000087a00000| Complete 
| 123|0x0000000087b00000, 0x0000000087c00000, 0x0000000087c00000|100%| S|CS|TAMS 0x0000000087b00000, 0x0000000087b00000| Complete 
| 124|0x0000000087c00000, 0x0000000087d00000, 0x0000000087d00000|100%| S|CS|TAMS 0x0000000087c00000, 0x0000000087c00000| Complete 
| 125|0x0000000087d00000, 0x0000000087e00000, 0x0000000087e00000|100%| S|CS|TAMS 0x0000000087d00000, 0x0000000087d00000| Complete 
| 126|0x0000000087e00000, 0x0000000087f00000, 0x0000000087f00000|100%| S|CS|TAMS 0x0000000087e00000, 0x0000000087e00000| Complete 
| 127|0x0000000087f00000, 0x0000000088000000, 0x0000000088000000|100%| S|CS|TAMS 0x0000000087f00000, 0x0000000087f00000| Complete 
| 128|0x0000000088000000, 0x0000000088100000, 0x0000000088100000|100%| S|CS|TAMS 0x0000000088000000, 0x0000000088000000| Complete 
| 129|0x0000000088100000, 0x0000000088200000, 0x0000000088200000|100%| S|CS|TAMS 0x0000000088100000, 0x0000000088100000| Complete 
| 130|0x0000000088200000, 0x0000000088300000, 0x0000000088300000|100%| S|CS|TAMS 0x0000000088200000, 0x0000000088200000| Complete 
| 131|0x0000000088300000, 0x0000000088400000, 0x0000000088400000|100%| S|CS|TAMS 0x0000000088300000, 0x0000000088300000| Complete 
| 132|0x0000000088400000, 0x0000000088500000, 0x0000000088500000|100%| S|CS|TAMS 0x0000000088400000, 0x0000000088400000| Complete 
| 133|0x0000000088500000, 0x0000000088600000, 0x0000000088600000|100%| S|CS|TAMS 0x0000000088500000, 0x0000000088500000| Complete 
| 134|0x0000000088600000, 0x0000000088700000, 0x0000000088700000|100%| S|CS|TAMS 0x0000000088600000, 0x0000000088600000| Complete 
| 135|0x0000000088700000, 0x0000000088800000, 0x0000000088800000|100%| S|CS|TAMS 0x0000000088700000, 0x0000000088700000| Complete 
| 136|0x0000000088800000, 0x0000000088900000, 0x0000000088900000|100%| S|CS|TAMS 0x0000000088800000, 0x0000000088800000| Complete 
| 137|0x0000000088900000, 0x0000000088a00000, 0x0000000088a00000|100%| S|CS|TAMS 0x0000000088900000, 0x0000000088900000| Complete 
| 138|0x0000000088a00000, 0x0000000088a00000, 0x0000000088b00000|  0%| F|  |TAMS 0x0000000088a00000, 0x0000000088a00000| Untracked 
| 139|0x0000000088b00000, 0x0000000088b00000, 0x0000000088c00000|  0%| F|  |TAMS 0x0000000088b00000, 0x0000000088b00000| Untracked 
| 140|0x0000000088c00000, 0x0000000088c00000, 0x0000000088d00000|  0%| F|  |TAMS 0x0000000088c00000, 0x0000000088c00000| Untracked 
| 141|0x0000000088d00000, 0x0000000088d00000, 0x0000000088e00000|  0%| F|  |TAMS 0x0000000088d00000, 0x0000000088d00000| Untracked 
| 142|0x0000000088e00000, 0x0000000088e00000, 0x0000000088f00000|  0%| F|  |TAMS 0x0000000088e00000, 0x0000000088e00000| Untracked 
| 143|0x0000000088f00000, 0x0000000088f00000, 0x0000000089000000|  0%| F|  |TAMS 0x0000000088f00000, 0x0000000088f00000| Untracked 
| 144|0x0000000089000000, 0x0000000089000000, 0x0000000089100000|  0%| F|  |TAMS 0x0000000089000000, 0x0000000089000000| Untracked 
| 145|0x0000000089100000, 0x0000000089100000, 0x0000000089200000|  0%| F|  |TAMS 0x0000000089100000, 0x0000000089100000| Untracked 
| 146|0x0000000089200000, 0x0000000089200000, 0x0000000089300000|  0%| F|  |TAMS 0x0000000089200000, 0x0000000089200000| Untracked 
| 147|0x0000000089300000, 0x0000000089300000, 0x0000000089400000|  0%| F|  |TAMS 0x0000000089300000, 0x0000000089300000| Untracked 
| 148|0x0000000089400000, 0x0000000089400000, 0x0000000089500000|  0%| F|  |TAMS 0x0000000089400000, 0x0000000089400000| Untracked 
| 149|0x0000000089500000, 0x0000000089500000, 0x0000000089600000|  0%| F|  |TAMS 0x0000000089500000, 0x0000000089500000| Untracked 
| 150|0x0000000089600000, 0x0000000089600000, 0x0000000089700000|  0%| F|  |TAMS 0x0000000089600000, 0x0000000089600000| Untracked 
| 151|0x0000000089700000, 0x0000000089700000, 0x0000000089800000|  0%| F|  |TAMS 0x0000000089700000, 0x0000000089700000| Untracked 
| 152|0x0000000089800000, 0x0000000089800000, 0x0000000089900000|  0%| F|  |TAMS 0x0000000089800000, 0x0000000089800000| Untracked 
| 153|0x0000000089900000, 0x0000000089900000, 0x0000000089a00000|  0%| F|  |TAMS 0x0000000089900000, 0x0000000089900000| Untracked 
| 154|0x0000000089a00000, 0x0000000089a00000, 0x0000000089b00000|  0%| F|  |TAMS 0x0000000089a00000, 0x0000000089a00000| Untracked 
| 155|0x0000000089b00000, 0x0000000089b00000, 0x0000000089c00000|  0%| F|  |TAMS 0x0000000089b00000, 0x0000000089b00000| Untracked 
| 156|0x0000000089c00000, 0x0000000089c00000, 0x0000000089d00000|  0%| F|  |TAMS 0x0000000089c00000, 0x0000000089c00000| Untracked 
| 157|0x0000000089d00000, 0x0000000089d00000, 0x0000000089e00000|  0%| F|  |TAMS 0x0000000089d00000, 0x0000000089d00000| Untracked 
| 158|0x0000000089e00000, 0x0000000089e00000, 0x0000000089f00000|  0%| F|  |TAMS 0x0000000089e00000, 0x0000000089e00000| Untracked 
| 159|0x0000000089f00000, 0x0000000089f00000, 0x000000008a000000|  0%| F|  |TAMS 0x0000000089f00000, 0x0000000089f00000| Untracked 
| 160|0x000000008a000000, 0x000000008a000000, 0x000000008a100000|  0%| F|  |TAMS 0x000000008a000000, 0x000000008a000000| Untracked 
| 161|0x000000008a100000, 0x000000008a100000, 0x000000008a200000|  0%| F|  |TAMS 0x000000008a100000, 0x000000008a100000| Untracked 
| 162|0x000000008a200000, 0x000000008a200000, 0x000000008a300000|  0%| F|  |TAMS 0x000000008a200000, 0x000000008a200000| Untracked 
| 163|0x000000008a300000, 0x000000008a300000, 0x000000008a400000|  0%| F|  |TAMS 0x000000008a300000, 0x000000008a300000| Untracked 
| 164|0x000000008a400000, 0x000000008a400000, 0x000000008a500000|  0%| F|  |TAMS 0x000000008a400000, 0x000000008a400000| Untracked 
| 165|0x000000008a500000, 0x000000008a500000, 0x000000008a600000|  0%| F|  |TAMS 0x000000008a500000, 0x000000008a500000| Untracked 
| 166|0x000000008a600000, 0x000000008a600000, 0x000000008a700000|  0%| F|  |TAMS 0x000000008a600000, 0x000000008a600000| Untracked 
| 167|0x000000008a700000, 0x000000008a700000, 0x000000008a800000|  0%| F|  |TAMS 0x000000008a700000, 0x000000008a700000| Untracked 
| 168|0x000000008a800000, 0x000000008a800000, 0x000000008a900000|  0%| F|  |TAMS 0x000000008a800000, 0x000000008a800000| Untracked 
| 169|0x000000008a900000, 0x000000008a900000, 0x000000008aa00000|  0%| F|  |TAMS 0x000000008a900000, 0x000000008a900000| Untracked 
| 170|0x000000008aa00000, 0x000000008aa00000, 0x000000008ab00000|  0%| F|  |TAMS 0x000000008aa00000, 0x000000008aa00000| Untracked 
| 171|0x000000008ab00000, 0x000000008ab00000, 0x000000008ac00000|  0%| F|  |TAMS 0x000000008ab00000, 0x000000008ab00000| Untracked 
| 172|0x000000008ac00000, 0x000000008ac00000, 0x000000008ad00000|  0%| F|  |TAMS 0x000000008ac00000, 0x000000008ac00000| Untracked 
| 173|0x000000008ad00000, 0x000000008ad00000, 0x000000008ae00000|  0%| F|  |TAMS 0x000000008ad00000, 0x000000008ad00000| Untracked 
| 174|0x000000008ae00000, 0x000000008ae00000, 0x000000008af00000|  0%| F|  |TAMS 0x000000008ae00000, 0x000000008ae00000| Untracked 
| 175|0x000000008af00000, 0x000000008af00000, 0x000000008b000000|  0%| F|  |TAMS 0x000000008af00000, 0x000000008af00000| Untracked 
| 176|0x000000008b000000, 0x000000008b000000, 0x000000008b100000|  0%| F|  |TAMS 0x000000008b000000, 0x000000008b000000| Untracked 
| 177|0x000000008b100000, 0x000000008b100000, 0x000000008b200000|  0%| F|  |TAMS 0x000000008b100000, 0x000000008b100000| Untracked 
| 178|0x000000008b200000, 0x000000008b200000, 0x000000008b300000|  0%| F|  |TAMS 0x000000008b200000, 0x000000008b200000| Untracked 
| 179|0x000000008b300000, 0x000000008b300000, 0x000000008b400000|  0%| F|  |TAMS 0x000000008b300000, 0x000000008b300000| Untracked 
| 180|0x000000008b400000, 0x000000008b400000, 0x000000008b500000|  0%| F|  |TAMS 0x000000008b400000, 0x000000008b400000| Untracked 
| 181|0x000000008b500000, 0x000000008b500000, 0x000000008b600000|  0%| F|  |TAMS 0x000000008b500000, 0x000000008b500000| Untracked 
| 182|0x000000008b600000, 0x000000008b600000, 0x000000008b700000|  0%| F|  |TAMS 0x000000008b600000, 0x000000008b600000| Untracked 
| 183|0x000000008b700000, 0x000000008b700000, 0x000000008b800000|  0%| F|  |TAMS 0x000000008b700000, 0x000000008b700000| Untracked 
| 184|0x000000008b800000, 0x000000008b800000, 0x000000008b900000|  0%| F|  |TAMS 0x000000008b800000, 0x000000008b800000| Untracked 
| 185|0x000000008b900000, 0x000000008b900000, 0x000000008ba00000|  0%| F|  |TAMS 0x000000008b900000, 0x000000008b900000| Untracked 
| 186|0x000000008ba00000, 0x000000008ba00000, 0x000000008bb00000|  0%| F|  |TAMS 0x000000008ba00000, 0x000000008ba00000| Untracked 
| 187|0x000000008bb00000, 0x000000008bb00000, 0x000000008bc00000|  0%| F|  |TAMS 0x000000008bb00000, 0x000000008bb00000| Untracked 
| 188|0x000000008bc00000, 0x000000008bc00000, 0x000000008bd00000|  0%| F|  |TAMS 0x000000008bc00000, 0x000000008bc00000| Untracked 
| 189|0x000000008bd00000, 0x000000008bd00000, 0x000000008be00000|  0%| F|  |TAMS 0x000000008bd00000, 0x000000008bd00000| Untracked 
| 190|0x000000008be00000, 0x000000008be00000, 0x000000008bf00000|  0%| F|  |TAMS 0x000000008be00000, 0x000000008be00000| Untracked 
| 191|0x000000008bf00000, 0x000000008bf00000, 0x000000008c000000|  0%| F|  |TAMS 0x000000008bf00000, 0x000000008bf00000| Untracked 
| 192|0x000000008c000000, 0x000000008c000000, 0x000000008c100000|  0%| F|  |TAMS 0x000000008c000000, 0x000000008c000000| Untracked 
| 193|0x000000008c100000, 0x000000008c100000, 0x000000008c200000|  0%| F|  |TAMS 0x000000008c100000, 0x000000008c100000| Untracked 
| 194|0x000000008c200000, 0x000000008c200000, 0x000000008c300000|  0%| F|  |TAMS 0x000000008c200000, 0x000000008c200000| Untracked 
| 195|0x000000008c300000, 0x000000008c300000, 0x000000008c400000|  0%| F|  |TAMS 0x000000008c300000, 0x000000008c300000| Untracked 
| 196|0x000000008c400000, 0x000000008c400000, 0x000000008c500000|  0%| F|  |TAMS 0x000000008c400000, 0x000000008c400000| Untracked 
| 197|0x000000008c500000, 0x000000008c500000, 0x000000008c600000|  0%| F|  |TAMS 0x000000008c500000, 0x000000008c500000| Untracked 
| 198|0x000000008c600000, 0x000000008c600000, 0x000000008c700000|  0%| F|  |TAMS 0x000000008c600000, 0x000000008c600000| Untracked 
| 199|0x000000008c700000, 0x000000008c700000, 0x000000008c800000|  0%| F|  |TAMS 0x000000008c700000, 0x000000008c700000| Untracked 
| 200|0x000000008c800000, 0x000000008c800000, 0x000000008c900000|  0%| F|  |TAMS 0x000000008c800000, 0x000000008c800000| Untracked 
| 201|0x000000008c900000, 0x000000008c900000, 0x000000008ca00000|  0%| F|  |TAMS 0x000000008c900000, 0x000000008c900000| Untracked 
| 202|0x000000008ca00000, 0x000000008ca00000, 0x000000008cb00000|  0%| F|  |TAMS 0x000000008ca00000, 0x000000008ca00000| Untracked 
| 203|0x000000008cb00000, 0x000000008cb00000, 0x000000008cc00000|  0%| F|  |TAMS 0x000000008cb00000, 0x000000008cb00000| Untracked 
| 204|0x000000008cc00000, 0x000000008cc00000, 0x000000008cd00000|  0%| F|  |TAMS 0x000000008cc00000, 0x000000008cc00000| Untracked 
| 205|0x000000008cd00000, 0x000000008cd00000, 0x000000008ce00000|  0%| F|  |TAMS 0x000000008cd00000, 0x000000008cd00000| Untracked 
| 206|0x000000008ce00000, 0x000000008ce00000, 0x000000008cf00000|  0%| F|  |TAMS 0x000000008ce00000, 0x000000008ce00000| Untracked 
| 207|0x000000008cf00000, 0x000000008cf00000, 0x000000008d000000|  0%| F|  |TAMS 0x000000008cf00000, 0x000000008cf00000| Untracked 
| 208|0x000000008d000000, 0x000000008d000000, 0x000000008d100000|  0%| F|  |TAMS 0x000000008d000000, 0x000000008d000000| Untracked 
| 209|0x000000008d100000, 0x000000008d100000, 0x000000008d200000|  0%| F|  |TAMS 0x000000008d100000, 0x000000008d100000| Untracked 
| 210|0x000000008d200000, 0x000000008d200000, 0x000000008d300000|  0%| F|  |TAMS 0x000000008d200000, 0x000000008d200000| Untracked 
| 211|0x000000008d300000, 0x000000008d300000, 0x000000008d400000|  0%| F|  |TAMS 0x000000008d300000, 0x000000008d300000| Untracked 
| 212|0x000000008d400000, 0x000000008d400000, 0x000000008d500000|  0%| F|  |TAMS 0x000000008d400000, 0x000000008d400000| Untracked 
| 213|0x000000008d500000, 0x000000008d500000, 0x000000008d600000|  0%| F|  |TAMS 0x000000008d500000, 0x000000008d500000| Untracked 
| 214|0x000000008d600000, 0x000000008d600000, 0x000000008d700000|  0%| F|  |TAMS 0x000000008d600000, 0x000000008d600000| Untracked 
| 215|0x000000008d700000, 0x000000008d700000, 0x000000008d800000|  0%| F|  |TAMS 0x000000008d700000, 0x000000008d700000| Untracked 
| 216|0x000000008d800000, 0x000000008d800000, 0x000000008d900000|  0%| F|  |TAMS 0x000000008d800000, 0x000000008d800000| Untracked 
| 217|0x000000008d900000, 0x000000008d900000, 0x000000008da00000|  0%| F|  |TAMS 0x000000008d900000, 0x000000008d900000| Untracked 
| 218|0x000000008da00000, 0x000000008da00000, 0x000000008db00000|  0%| F|  |TAMS 0x000000008da00000, 0x000000008da00000| Untracked 
| 219|0x000000008db00000, 0x000000008db00000, 0x000000008dc00000|  0%| F|  |TAMS 0x000000008db00000, 0x000000008db00000| Untracked 
| 220|0x000000008dc00000, 0x000000008dc00000, 0x000000008dd00000|  0%| F|  |TAMS 0x000000008dc00000, 0x000000008dc00000| Untracked 
| 221|0x000000008dd00000, 0x000000008dd00000, 0x000000008de00000|  0%| F|  |TAMS 0x000000008dd00000, 0x000000008dd00000| Untracked 
| 222|0x000000008de00000, 0x000000008de00000, 0x000000008df00000|  0%| F|  |TAMS 0x000000008de00000, 0x000000008de00000| Untracked 
| 223|0x000000008df00000, 0x000000008df00000, 0x000000008e000000|  0%| F|  |TAMS 0x000000008df00000, 0x000000008df00000| Untracked 
| 224|0x000000008e000000, 0x000000008e000000, 0x000000008e100000|  0%| F|  |TAMS 0x000000008e000000, 0x000000008e000000| Untracked 
| 225|0x000000008e100000, 0x000000008e100800, 0x000000008e200000|  0%| E|  |TAMS 0x000000008e100000, 0x000000008e100000| Complete 
| 226|0x000000008e200000, 0x000000008e300000, 0x000000008e300000|100%| E|CS|TAMS 0x000000008e200000, 0x000000008e200000| Complete 
| 227|0x000000008e300000, 0x000000008e400000, 0x000000008e400000|100%| E|CS|TAMS 0x000000008e300000, 0x000000008e300000| Complete 
| 228|0x000000008e400000, 0x000000008e500000, 0x000000008e500000|100%| E|CS|TAMS 0x000000008e400000, 0x000000008e400000| Complete 
| 229|0x000000008e500000, 0x000000008e600000, 0x000000008e600000|100%| E|CS|TAMS 0x000000008e500000, 0x000000008e500000| Complete 
| 230|0x000000008e600000, 0x000000008e700000, 0x000000008e700000|100%| E|CS|TAMS 0x000000008e600000, 0x000000008e600000| Complete 
| 231|0x000000008e700000, 0x000000008e800000, 0x000000008e800000|100%| E|CS|TAMS 0x000000008e700000, 0x000000008e700000| Complete 
| 232|0x000000008e800000, 0x000000008e900000, 0x000000008e900000|100%| E|CS|TAMS 0x000000008e800000, 0x000000008e800000| Complete 
| 233|0x000000008e900000, 0x000000008ea00000, 0x000000008ea00000|100%| E|CS|TAMS 0x000000008e900000, 0x000000008e900000| Complete 
| 234|0x000000008ea00000, 0x000000008eb00000, 0x000000008eb00000|100%| E|CS|TAMS 0x000000008ea00000, 0x000000008ea00000| Complete 
| 235|0x000000008eb00000, 0x000000008ec00000, 0x000000008ec00000|100%| E|CS|TAMS 0x000000008eb00000, 0x000000008eb00000| Complete 
| 236|0x000000008ec00000, 0x000000008ed00000, 0x000000008ed00000|100%| E|CS|TAMS 0x000000008ec00000, 0x000000008ec00000| Complete 
| 237|0x000000008ed00000, 0x000000008ee00000, 0x000000008ee00000|100%| E|CS|TAMS 0x000000008ed00000, 0x000000008ed00000| Complete 
| 238|0x000000008ee00000, 0x000000008ef00000, 0x000000008ef00000|100%| E|CS|TAMS 0x000000008ee00000, 0x000000008ee00000| Complete 
| 239|0x000000008ef00000, 0x000000008f000000, 0x000000008f000000|100%| E|CS|TAMS 0x000000008ef00000, 0x000000008ef00000| Complete 
| 240|0x000000008f000000, 0x000000008f100000, 0x000000008f100000|100%| E|CS|TAMS 0x000000008f000000, 0x000000008f000000| Complete 
| 241|0x000000008f100000, 0x000000008f200000, 0x000000008f200000|100%| E|CS|TAMS 0x000000008f100000, 0x000000008f100000| Complete 
| 242|0x000000008f200000, 0x000000008f300000, 0x000000008f300000|100%| E|CS|TAMS 0x000000008f200000, 0x000000008f200000| Complete 
| 243|0x000000008f300000, 0x000000008f400000, 0x000000008f400000|100%| E|CS|TAMS 0x000000008f300000, 0x000000008f300000| Complete 
| 244|0x000000008f400000, 0x000000008f500000, 0x000000008f500000|100%| E|CS|TAMS 0x000000008f400000, 0x000000008f400000| Complete 
| 245|0x000000008f500000, 0x000000008f600000, 0x000000008f600000|100%| E|CS|TAMS 0x000000008f500000, 0x000000008f500000| Complete 
| 246|0x000000008f600000, 0x000000008f700000, 0x000000008f700000|100%| E|CS|TAMS 0x000000008f600000, 0x000000008f600000| Complete 
| 247|0x000000008f700000, 0x000000008f800000, 0x000000008f800000|100%| E|CS|TAMS 0x000000008f700000, 0x000000008f700000| Complete 
| 248|0x000000008f800000, 0x000000008f900000, 0x000000008f900000|100%| E|CS|TAMS 0x000000008f800000, 0x000000008f800000| Complete 
| 249|0x000000008f900000, 0x000000008fa00000, 0x000000008fa00000|100%| E|CS|TAMS 0x000000008f900000, 0x000000008f900000| Complete 
| 250|0x000000008fa00000, 0x000000008fb00000, 0x000000008fb00000|100%| E|CS|TAMS 0x000000008fa00000, 0x000000008fa00000| Complete 
| 251|0x000000008fb00000, 0x000000008fc00000, 0x000000008fc00000|100%| E|CS|TAMS 0x000000008fb00000, 0x000000008fb00000| Complete 
| 252|0x000000008fc00000, 0x000000008fd00000, 0x000000008fd00000|100%| E|CS|TAMS 0x000000008fc00000, 0x000000008fc00000| Complete 
| 253|0x000000008fd00000, 0x000000008fe00000, 0x000000008fe00000|100%| E|CS|TAMS 0x000000008fd00000, 0x000000008fd00000| Complete 

Card table byte_map: [0x00000263ac070000,0x00000263ac470000] _byte_map_base: 0x00000263abc70000

Marking Bits (Prev, Next): (CMBitMap*) 0x0000026398e5da00, (CMBitMap*) 0x0000026398e5d9c8
 Prev Bits: [0x00000263ae870000, 0x00000263b0870000)
 Next Bits: [0x00000263ac870000, 0x00000263ae870000)

Polling page: 0x00000263985f0000

Metaspace:

Usage:
  Non-class:     54.30 MB capacity,    53.32 MB ( 98%) used,   841.04 KB (  2%) free+waste,   161.62 KB ( <1%) overhead. 
      Class:      8.24 MB capacity,     7.68 MB ( 93%) used,   490.45 KB (  6%) free+waste,    76.00 KB ( <1%) overhead. 
       Both:     62.53 MB capacity,    61.00 MB ( 98%) used,     1.30 MB (  2%) free+waste,   237.62 KB ( <1%) overhead. 

Virtual space:
  Non-class space:       56.00 MB reserved,      54.42 MB ( 97%) committed 
      Class space:        1.00 GB reserved,       8.25 MB ( <1%) committed 
             Both:        1.05 GB reserved,      62.67 MB (  6%) committed 

Chunk freelists:
   Non-Class:  1.00 KB
       Class:  13.00 KB
        Both:  14.00 KB

MaxMetaspaceSize: 17179869184.00 GB
CompressedClassSpaceSize: 1.00 GB
Initial GC threshold: 20.80 MB
Current GC threshold: 98.41 MB
CDS: off

CodeHeap 'non-profiled nmethods': size=120000Kb used=3716Kb max_used=3716Kb free=116283Kb
 bounds [0x00000263a4410000, 0x00000263a47c0000, 0x00000263ab940000]
CodeHeap 'profiled nmethods': size=120000Kb used=12841Kb max_used=12841Kb free=107158Kb
 bounds [0x000002639cee0000, 0x000002639db70000, 0x00000263a4410000]
CodeHeap 'non-nmethods': size=5760Kb used=2341Kb max_used=2380Kb free=3418Kb
 bounds [0x000002639c940000, 0x000002639cbb0000, 0x000002639cee0000]
 total_blobs=7112 nmethods=6255 adapters=769
 compilation: enabled
              stopped_count=0, restarted_count=0
 full_count=0

Compilation events (20 events):
Event: 12.831 Thread 0x00000263b3bea800 nmethod 6240 0x00000263a47afa10 code [0x00000263a47afbc0, 0x00000263a47afc58]
Event: 12.831 Thread 0x00000263baa5c000 6241       4       com.google.common.collect.ImmutableList$Builder::getReadyToExpandTo (66 bytes)
Event: 12.832 Thread 0x00000263b3bea800 6242       3       org.gradle.internal.Try::successful (9 bytes)
Event: 12.832 Thread 0x00000263b3bea800 nmethod 6242 0x000002639db4cf90 code [0x000002639db4d160, 0x000002639db4d478]
Event: 12.832 Thread 0x00000263b3bea800 6244   !   3       org.gradle.internal.Try::ofFailable (16 bytes)
Event: 12.833 Thread 0x00000263b3bea800 nmethod 6244 0x000002639db4d610 code [0x000002639db4d820, 0x000002639db4dd98]
Event: 12.834 Thread 0x00000263b3bea800 6245       3       org.gradle.api.internal.provider.AbstractProperty::init (14 bytes)
Event: 12.834 Thread 0x00000263b3bea800 nmethod 6245 0x000002639db4e010 code [0x000002639db4e1e0, 0x000002639db4e408]
Event: 12.835 Thread 0x00000263baa5c000 nmethod 6241 0x00000263a47afd10 code [0x00000263a47afea0, 0x00000263a47b01d8]
Event: 12.835 Thread 0x00000263baa5c000 6243       4       com.google.common.collect.ImmutableList$Builder::add (34 bytes)
Event: 12.835 Thread 0x00000263b3bea800 6246       3       org.gradle.api.internal.provider.Providers::internal (8 bytes)
Event: 12.835 Thread 0x00000263b3bea800 nmethod 6246 0x000002639db4e510 code [0x000002639db4e6c0, 0x000002639db4e8f8]
Event: 12.835 Thread 0x00000263b3bea800 6247       3       org.gradle.api.internal.provider.DefaultProperty::<init> (26 bytes)
Event: 12.836 Thread 0x00000263b3bea800 nmethod 6247 0x000002639db4ea10 code [0x000002639db4ec60, 0x000002639db4f828]
Event: 12.836 Thread 0x00000263b3bea800 6248       3       com.google.common.collect.AbstractIndexedListIterator::hasNext (17 bytes)
Event: 12.836 Thread 0x00000263b3bea800 nmethod 6248 0x000002639db4fb90 code [0x000002639db4fd40, 0x000002639db4fe98]
Event: 12.837 Thread 0x00000263b3bea800 6249       1       com.android.build.gradle.options.BooleanOption::getPropertyName (5 bytes)
Event: 12.837 Thread 0x00000263b3bea800 nmethod 6249 0x00000263a47b0310 code [0x00000263a47b04c0, 0x00000263a47b0578]
Event: 12.837 Thread 0x00000263b3bea800 6250       3       org.gradle.api.internal.provider.DefaultPropertyFactory::property (13 bytes)
Event: 12.838 Thread 0x00000263b3bea800 nmethod 6250 0x000002639db4ff10 code [0x000002639db50180, 0x000002639db50e08]

GC Heap History (12 events):
Event: 0.968 GC heap before
{Heap before GC invocations=0 (full 0):
 garbage-first heap   total 260096K, used 29696K [0x0000000080000000, 0x0000000100000000)
  region size 1024K, 24 young (24576K), 0 survivors (0K)
 Metaspace       used 10051K, capacity 10336K, committed 10624K, reserved 1058816K
  class space    used 1022K, capacity 1105K, committed 1152K, reserved 1048576K
}
Event: 0.972 GC heap after
{Heap after GC invocations=1 (full 0):
 garbage-first heap   total 260096K, used 9614K [0x0000000080000000, 0x0000000100000000)
  region size 1024K, 3 young (3072K), 3 survivors (3072K)
 Metaspace       used 10051K, capacity 10336K, committed 10624K, reserved 1058816K
  class space    used 1022K, capacity 1105K, committed 1152K, reserved 1048576K
}
Event: 3.781 GC heap before
{Heap before GC invocations=1 (full 0):
 garbage-first heap   total 260096K, used 108942K [0x0000000080000000, 0x0000000100000000)
  region size 1024K, 100 young (102400K), 3 survivors (3072K)
 Metaspace       used 20758K, capacity 21163K, committed 21296K, reserved 1069056K
  class space    used 2518K, capacity 2653K, committed 2688K, reserved 1048576K
}
Event: 3.791 GC heap after
{Heap after GC invocations=2 (full 0):
 garbage-first heap   total 260096K, used 17135K [0x0000000080000000, 0x0000000100000000)
  region size 1024K, 11 young (11264K), 11 survivors (11264K)
 Metaspace       used 20758K, capacity 21163K, committed 21296K, reserved 1069056K
  class space    used 2518K, capacity 2653K, committed 2688K, reserved 1048576K
}
Event: 4.082 GC heap before
{Heap before GC invocations=3 (full 0):
 garbage-first heap   total 260096K, used 40687K [0x0000000080000000, 0x0000000100000000)
  region size 1024K, 35 young (35840K), 11 survivors (11264K)
 Metaspace       used 22833K, capacity 23450K, committed 23600K, reserved 1069056K
  class space    used 2883K, capacity 3103K, committed 3200K, reserved 1048576K
}
Event: 4.089 GC heap after
{Heap after GC invocations=4 (full 0):
 garbage-first heap   total 260096K, used 18793K [0x0000000080000000, 0x0000000100000000)
  region size 1024K, 2 young (2048K), 2 survivors (2048K)
 Metaspace       used 22833K, capacity 23450K, committed 23600K, reserved 1069056K
  class space    used 2883K, capacity 3103K, committed 3200K, reserved 1048576K
}
Event: 5.561 GC heap before
{Heap before GC invocations=4 (full 0):
 garbage-first heap   total 260096K, used 119145K [0x0000000080000000, 0x0000000100000000)
  region size 1024K, 101 young (103424K), 2 survivors (2048K)
 Metaspace       used 34862K, capacity 35730K, committed 35888K, reserved 1081344K
  class space    used 4555K, capacity 4887K, committed 4992K, reserved 1048576K
}
Event: 5.573 GC heap after
{Heap after GC invocations=5 (full 0):
 garbage-first heap   total 260096K, used 22835K [0x0000000080000000, 0x0000000100000000)
  region size 1024K, 6 young (6144K), 6 survivors (6144K)
 Metaspace       used 34862K, capacity 35730K, committed 35888K, reserved 1081344K
  class space    used 4555K, capacity 4887K, committed 4992K, reserved 1048576K
}
Event: 8.136 GC heap before
{Heap before GC invocations=6 (full 0):
 garbage-first heap   total 260096K, used 175411K [0x0000000080000000, 0x0000000100000000)
  region size 1024K, 152 young (155648K), 6 survivors (6144K)
 Metaspace       used 47702K, capacity 48982K, committed 49328K, reserved 1091584K
  class space    used 6090K, capacity 6561K, committed 6656K, reserved 1048576K
}
Event: 8.150 GC heap after
{Heap after GC invocations=7 (full 0):
 garbage-first heap   total 260096K, used 31742K [0x0000000080000000, 0x0000000100000000)
  region size 1024K, 14 young (14336K), 14 survivors (14336K)
 Metaspace       used 47702K, capacity 48982K, committed 49328K, reserved 1091584K
  class space    used 6090K, capacity 6561K, committed 6656K, reserved 1048576K
}
Event: 11.568 GC heap before
{Heap before GC invocations=7 (full 0):
 garbage-first heap   total 260096K, used 151550K [0x0000000080000000, 0x0000000100000000)
  region size 1024K, 130 young (133120K), 14 survivors (14336K)
 Metaspace       used 58661K, capacity 60092K, committed 60208K, reserved 1101824K
  class space    used 7413K, capacity 7962K, committed 8064K, reserved 1048576K
}
Event: 11.596 GC heap after
{Heap after GC invocations=8 (full 0):
 garbage-first heap   total 260096K, used 44463K [0x0000000080000000, 0x0000000100000000)
  region size 1024K, 19 young (19456K), 19 survivors (19456K)
 Metaspace       used 58661K, capacity 60092K, committed 60208K, reserved 1101824K
  class space    used 7413K, capacity 7962K, committed 8064K, reserved 1048576K
}

Deoptimization events (20 events):
Event: 11.984 Thread 0x00000263b6e8d000 Uncommon trap: trap_request=0xffffffbe fr.pc=0x00000263a471a0c8 relative=0x0000000000000aa8
Event: 11.984 Thread 0x00000263b6e8d000 Uncommon trap: reason=profile_predicate action=maybe_recompile pc=0x00000263a471a0c8 method=java.util.TreeMap.getEntryUsingComparator(Ljava/lang/Object;)Ljava/util/TreeMap$Entry; @ 19 c2
Event: 11.984 Thread 0x00000263b6e8d000 DEOPT PACKING pc=0x00000263a471a0c8 sp=0x000000b8302f74f0
Event: 11.984 Thread 0x00000263b6e8d000 DEOPT UNPACKING pc=0x000002639c98a1af sp=0x000000b8302f7410 mode 2
Event: 11.984 Thread 0x00000263b6e8d000 Uncommon trap: trap_request=0xffffffbe fr.pc=0x00000263a46d178c relative=0x000000000000068c
Event: 11.985 Thread 0x00000263b6e8d000 Uncommon trap: reason=profile_predicate action=maybe_recompile pc=0x00000263a46d178c method=java.util.TreeMap.getEntryUsingComparator(Ljava/lang/Object;)Ljava/util/TreeMap$Entry; @ 19 c2
Event: 11.985 Thread 0x00000263b6e8d000 DEOPT PACKING pc=0x00000263a46d178c sp=0x000000b8302f7450
Event: 11.985 Thread 0x00000263b6e8d000 DEOPT UNPACKING pc=0x000002639c98a1af sp=0x000000b8302f7400 mode 2
Event: 11.985 Thread 0x00000263b6e8d000 Uncommon trap: trap_request=0xffffffc6 fr.pc=0x00000263a476499c relative=0x000000000000035c
Event: 11.985 Thread 0x00000263b6e8d000 Uncommon trap: reason=bimorphic_or_optimized_type_check action=maybe_recompile pc=0x00000263a476499c method=com.google.common.collect.RegularImmutableSet.contains(Ljava/lang/Object;)Z @ 42 c2
Event: 11.985 Thread 0x00000263b6e8d000 DEOPT PACKING pc=0x00000263a476499c sp=0x000000b8302f7c30
Event: 11.985 Thread 0x00000263b6e8d000 DEOPT UNPACKING pc=0x000002639c98a1af sp=0x000000b8302f7bd0 mode 2
Event: 12.121 Thread 0x00000263b6e8d000 Uncommon trap: trap_request=0xfffffff4 fr.pc=0x00000263a45f5538 relative=0x0000000000000278
Event: 12.121 Thread 0x00000263b6e8d000 Uncommon trap: reason=null_check action=make_not_entrant pc=0x00000263a45f5538 method=java.lang.ThreadLocal$ThreadLocalMap.getEntryAfterMiss(Ljava/lang/ThreadLocal;ILjava/lang/ThreadLocal$ThreadLocalMap$Entry;)Ljava/lang/ThreadLocal$ThreadLocalMap$Entry; 
Event: 12.121 Thread 0x00000263b6e8d000 DEOPT PACKING pc=0x00000263a45f5538 sp=0x000000b8302f82c0
Event: 12.122 Thread 0x00000263b6e8d000 DEOPT UNPACKING pc=0x000002639c98a1af sp=0x000000b8302f8178 mode 2
Event: 12.680 Thread 0x00000263b6e8d000 Uncommon trap: trap_request=0xffffffde fr.pc=0x00000263a4661554 relative=0x0000000000001574
Event: 12.681 Thread 0x00000263b6e8d000 Uncommon trap: reason=class_check action=maybe_recompile pc=0x00000263a4661554 method=jdk.internal.loader.BuiltinClassLoader.loadClassOrNull(Ljava/lang/String;Z)Ljava/lang/Class; @ 86 c2
Event: 12.681 Thread 0x00000263b6e8d000 DEOPT PACKING pc=0x00000263a4661554 sp=0x000000b8302f5b50
Event: 12.681 Thread 0x00000263b6e8d000 DEOPT UNPACKING pc=0x000002639c98a1af sp=0x000000b8302f5ab8 mode 2

Classes redefined (0 events):
No events

Internal exceptions (20 events):
Event: 11.071 Thread 0x00000263b6e8d000 Exception <a 'java/security/PrivilegedActionException'{0x000000008a149628}> (0x000000008a149628) thrown at [src/hotspot/share/prims/jvm.cpp, line 1306]
Event: 11.071 Thread 0x00000263b6e8d000 Exception <a 'java/security/PrivilegedActionException'{0x000000008a14ab90}> (0x000000008a14ab90) thrown at [src/hotspot/share/prims/jvm.cpp, line 1306]
Event: 11.071 Thread 0x00000263b6e8d000 Exception <a 'java/security/PrivilegedActionException'{0x000000008a14da68}> (0x000000008a14da68) thrown at [src/hotspot/share/prims/jvm.cpp, line 1306]
Event: 11.071 Thread 0x00000263b6e8d000 Exception <a 'java/security/PrivilegedActionException'{0x000000008a14efd0}> (0x000000008a14efd0) thrown at [src/hotspot/share/prims/jvm.cpp, line 1306]
Event: 11.072 Thread 0x00000263b6e8d000 Exception <a 'java/security/PrivilegedActionException'{0x000000008a151ef8}> (0x000000008a151ef8) thrown at [src/hotspot/share/prims/jvm.cpp, line 1306]
Event: 11.072 Thread 0x00000263b6e8d000 Exception <a 'java/security/PrivilegedActionException'{0x000000008a153460}> (0x000000008a153460) thrown at [src/hotspot/share/prims/jvm.cpp, line 1306]
Event: 11.072 Thread 0x00000263b6e8d000 Exception <a 'java/security/PrivilegedActionException'{0x000000008a1563e0}> (0x000000008a1563e0) thrown at [src/hotspot/share/prims/jvm.cpp, line 1306]
Event: 11.072 Thread 0x00000263b6e8d000 Exception <a 'java/security/PrivilegedActionException'{0x000000008a157948}> (0x000000008a157948) thrown at [src/hotspot/share/prims/jvm.cpp, line 1306]
Event: 11.183 Thread 0x00000263b6e8d000 Exception <a 'java/lang/ClassNotFoundException'{0x0000000089dfe3c8}: org/gradle/api/internal/plugins/DefaultObjectConfigurationActionBeanInfo> (0x0000000089dfe3c8) thrown at [src/hotspot/share/classfile/systemDictionary.cpp, line 230]
Event: 11.184 Thread 0x00000263b6e8d000 Exception <a 'java/lang/ClassNotFoundException'{0x0000000089c34af8}: org/gradle/api/internal/plugins/DefaultObjectConfigurationActionCustomizer> (0x0000000089c34af8) thrown at [src/hotspot/share/classfile/systemDictionary.cpp, line 230]
Event: 11.403 Thread 0x00000263b6e8d000 Exception <a 'java/lang/NoSuchMethodError'{0x0000000089144960}: 'java.lang.Object java.lang.invoke.DirectMethodHandle$Holder.invokeStatic(java.lang.Object, java.lang.Object, java.lang.Object, java.lang.Object, int)'> (0x0000000089144960) thrown at [src/hotspot/share/interpreter/linkResolver.cpp, line 773]
Event: 11.403 Thread 0x00000263b6e8d000 Exception <a 'java/lang/NoSuchMethodError'{0x0000000089149358}: 'java.lang.Object java.lang.invoke.DirectMethodHandle$Holder.invokeSpecial(java.lang.Object, java.lang.Object, java.lang.Object, java.lang.Object, java.lang.Object, int)'> (0x0000000089149358) thrown at [src/hotspot/share/interpreter/linkResolver.cpp, line 773]
Event: 11.403 Thread 0x00000263b6e8d000 Exception <a 'java/lang/NoSuchMethodError'{0x000000008914d998}: 'java.lang.Object java.lang.invoke.Invokers$Holder.linkToTargetMethod(java.lang.Object, java.lang.Object, java.lang.Object, int, java.lang.Object)'> (0x000000008914d998) thrown at [src/hotspot/share/interpreter/linkResolver.cpp, line 773]
Event: 11.420 Thread 0x00000263b6e8d000 Exception <a 'java/lang/NoSuchMethodError'{0x0000000089015010}: 'java.lang.Object java.lang.invoke.Invokers$Holder.linkToTargetMethod(java.lang.Object, int, int, java.lang.Object)'> (0x0000000089015010) thrown at [src/hotspot/share/interpreter/linkResolver.cpp, line 773]
Event: 11.421 Thread 0x00000263b6e8d000 Exception <a 'java/lang/NoSuchMethodError'{0x000000008902c990}: 'java.lang.Object java.lang.invoke.DirectMethodHandle$Holder.invokeStatic(java.lang.Object, java.lang.Object, int, int, java.lang.Object, java.lang.Object)'> (0x000000008902c990) thrown at [src/hotspot/share/interpreter/linkResolver.cpp, line 773]
Event: 11.623 Thread 0x00000263b6e8d000 Exception <a 'java/io/FileNotFoundException'{0x000000008fc57430}> (0x000000008fc57430) thrown at [src/hotspot/share/prims/jni.cpp, line 617]
Event: 11.941 Thread 0x00000263b6e8d000 Exception <a 'java/lang/NoSuchMethodError'{0x000000008f45ed88}: 'java.lang.Object java.lang.invoke.DirectMethodHandle$Holder.invokeStatic(java.lang.Object, java.lang.Object, java.lang.Object, java.lang.Object, java.lang.Object, java.lang.Object, java.lang.Object, java.lang.Object, java.lang.Object, java.lang.Object, java.lang.Object, java.lang.Object, java.lang.Object, int)'> (0x000000008f45ed88) thrown at [src/hotspot/share/interpreter/linkResolver.cpp, line 773]
Event: 11.942 Thread 0x00000263b6e8d000 Exception <a 'java/lang/NoSuchMethodError'{0x000000008f46c770}: 'java.lang.Object java.lang.invoke.DirectMethodHandle$Holder.invokeStatic(java.lang.Object, java.lang.Object, java.lang.Object, java.lang.Object, java.lang.Object, java.lang.Object, java.lang.Object, java.lang.Object, java.lang.Object, java.lang.Object, java.lang.Object, java.lang.Object, java.lang.Object, int, int)'> (0x000000008f46c770) thrown at [src/hotspot/share/interpreter/linkResolver.cpp, line 773]
Event: 11.981 Thread 0x00000263b6e8d000 Exception <a 'java/lang/NoSuchMethodError'{0x000000008f2c1338}: 'int java.lang.invoke.DirectMethodHandle$Holder.invokeInterface(java.lang.Object, java.lang.Object, java.lang.Object, java.lang.Object)'> (0x000000008f2c1338) thrown at [src/hotspot/share/interpreter/linkResolver.cpp, line 773]
Event: 12.121 Thread 0x00000263b6e8d000 Implicit null exception at 0x00000263a45f53ab to 0x00000263a45f550e

Events (20 events):
Event: 12.737 loading class com/android/build/gradle/internal/services/SymbolTableBuildService$RegistrationAction
Event: 12.737 loading class com/android/build/gradle/internal/services/SymbolTableBuildService$RegistrationAction done
Event: 12.738 loading class com/android/build/gradle/internal/services/SymbolTableBuildService
Event: 12.738 loading class com/android/build/gradle/internal/services/SymbolTableBuildService done
Event: 12.738 loading class com/android/build/gradle/internal/services/ClassesHierarchyBuildService$RegistrationAction
Event: 12.738 loading class com/android/build/gradle/internal/services/ClassesHierarchyBuildService$RegistrationAction done
Event: 12.739 loading class com/android/build/gradle/internal/services/ClassesHierarchyBuildService
Event: 12.739 loading class com/android/build/gradle/internal/services/ClassesHierarchyBuildService done
Event: 12.740 loading class com/android/build/gradle/internal/lint/LintFixBuildService$RegistrationAction
Event: 12.740 loading class com/android/build/gradle/internal/lint/LintFixBuildService$RegistrationAction done
Event: 12.740 loading class com/android/build/gradle/internal/lint/LintFixBuildService
Event: 12.740 loading class com/android/build/gradle/internal/lint/LintFixBuildService done
Event: 12.741 loading class com/android/build/gradle/internal/services/LintClassLoaderBuildService$RegistrationAction
Event: 12.741 loading class com/android/build/gradle/internal/services/LintClassLoaderBuildService$RegistrationAction done
Event: 12.741 loading class com/android/build/gradle/internal/services/LintClassLoaderBuildService
Event: 12.741 loading class com/android/build/gradle/internal/services/LintClassLoaderBuildService done
Event: 12.742 loading class com/android/build/gradle/internal/dependency/JacocoInstrumentationService$RegistrationAction
Event: 12.742 loading class com/android/build/gradle/internal/dependency/JacocoInstrumentationService$RegistrationAction done
Event: 12.742 loading class com/android/build/gradle/internal/dependency/JacocoInstrumentationService
Event: 12.742 loading class com/android/build/gradle/internal/dependency/JacocoInstrumentationService done


Dynamic libraries:
0x00007ff6ecaa0000 - 0x00007ff6ecaaa000 	D:\AndroidStudio\androidstudio\jbr\bin\java.exe
0x00007fffe1b50000 - 0x00007fffe1d48000 	C:\Windows\SYSTEM32\ntdll.dll
0x00007fffe1510000 - 0x00007fffe15cd000 	C:\Windows\System32\KERNEL32.DLL
0x00007fffdf830000 - 0x00007fffdfb26000 	C:\Windows\System32\KERNELBASE.dll
0x00007fffdf730000 - 0x00007fffdf830000 	C:\Windows\System32\ucrtbase.dll
0x00007fffb6ff0000 - 0x00007fffb7007000 	D:\AndroidStudio\androidstudio\jbr\bin\jli.dll
0x00007fffe1370000 - 0x00007fffe150f000 	C:\Windows\System32\USER32.dll
0x00007fffdf390000 - 0x00007fffdf3b2000 	C:\Windows\System32\win32u.dll
0x00007fffe0420000 - 0x00007fffe044b000 	C:\Windows\System32\GDI32.dll
0x00007fffcba10000 - 0x00007fffcbcaa000 	C:\Windows\WinSxS\amd64_microsoft.windows.common-controls_6595b64144ccf1df_6.0.19041.3636_none_60b6a03d71f818d5\COMCTL32.dll
0x00007fffdf450000 - 0x00007fffdf567000 	C:\Windows\System32\gdi32full.dll
0x00007fffdf620000 - 0x00007fffdf6bd000 	C:\Windows\System32\msvcp_win.dll
0x00007fffe05d0000 - 0x00007fffe066e000 	C:\Windows\System32\msvcrt.dll
0x00007fffa6b20000 - 0x00007fffa6b3b000 	D:\AndroidStudio\androidstudio\jbr\bin\VCRUNTIME140.dll
0x00007fffe1010000 - 0x00007fffe1042000 	C:\Windows\System32\IMM32.DLL
0x00007fffd8a20000 - 0x00007fffd8a2c000 	D:\AndroidStudio\androidstudio\jbr\bin\vcruntime140_1.dll
0x00007fff43820000 - 0x00007fff438ad000 	D:\AndroidStudio\androidstudio\jbr\bin\msvcp140.dll
0x00007fff4c270000 - 0x00007fff4ce2c000 	D:\AndroidStudio\androidstudio\jbr\bin\server\jvm.dll
0x00007fffe1050000 - 0x00007fffe1100000 	C:\Windows\System32\ADVAPI32.dll
0x00007fffe0ec0000 - 0x00007fffe0f60000 	C:\Windows\System32\sechost.dll
0x00007fffe1160000 - 0x00007fffe1283000 	C:\Windows\System32\RPCRT4.dll
0x00007fffdf200000 - 0x00007fffdf227000 	C:\Windows\System32\bcrypt.dll
0x00007fffe0f90000 - 0x00007fffe0f98000 	C:\Windows\System32\PSAPI.DLL
0x00007fffdc490000 - 0x00007fffdc499000 	C:\Windows\SYSTEM32\WSOCK32.dll
0x00007fffcd320000 - 0x00007fffcd347000 	C:\Windows\SYSTEM32\WINMM.dll
0x00007fffd8250000 - 0x00007fffd825a000 	C:\Windows\SYSTEM32\VERSION.dll
0x00007fffe09d0000 - 0x00007fffe0a3b000 	C:\Windows\System32\WS2_32.dll
0x00007fffdda20000 - 0x00007fffdda32000 	C:\Windows\SYSTEM32\kernel.appcore.dll
0x00007fffd8950000 - 0x00007fffd8960000 	D:\AndroidStudio\androidstudio\jbr\bin\verify.dll
0x00007fffdd730000 - 0x00007fffdd914000 	C:\Windows\SYSTEM32\DBGHELP.DLL
0x00007fffc7dd0000 - 0x00007fffc7e04000 	C:\Windows\SYSTEM32\dbgcore.DLL
0x00007fffdf3c0000 - 0x00007fffdf442000 	C:\Windows\System32\bcryptPrimitives.dll
0x00007fffbedc0000 - 0x00007fffbede8000 	D:\AndroidStudio\androidstudio\jbr\bin\java.dll
0x00007fffc0700000 - 0x00007fffc070a000 	D:\AndroidStudio\androidstudio\jbr\bin\jimage.dll
0x00007fffb6d30000 - 0x00007fffb6d48000 	D:\AndroidStudio\androidstudio\jbr\bin\zip.dll
0x00007fffdfb80000 - 0x00007fffe02eb000 	C:\Windows\System32\SHELL32.dll
0x00007fffdcf90000 - 0x00007fffdd72e000 	C:\Windows\SYSTEM32\windows.storage.dll
0x00007fffe0670000 - 0x00007fffe09c3000 	C:\Windows\System32\combase.dll
0x00007fffdec30000 - 0x00007fffdec5e000 	C:\Windows\SYSTEM32\Wldp.dll
0x00007fffe15d0000 - 0x00007fffe169d000 	C:\Windows\System32\OLEAUT32.dll
0x00007fffe0d00000 - 0x00007fffe0dad000 	C:\Windows\System32\SHCORE.dll
0x00007fffe0db0000 - 0x00007fffe0e05000 	C:\Windows\System32\shlwapi.dll
0x00007fffdf130000 - 0x00007fffdf153000 	C:\Windows\SYSTEM32\profapi.dll
0x00007fffb1990000 - 0x00007fffb19a9000 	D:\AndroidStudio\androidstudio\jbr\bin\net.dll
0x00007fffd69d0000 - 0x00007fffd6ada000 	C:\Windows\SYSTEM32\WINHTTP.dll
0x00007fffde990000 - 0x00007fffde9fa000 	C:\Windows\system32\mswsock.dll
0x00007fffb0150000 - 0x00007fffb0163000 	D:\AndroidStudio\androidstudio\jbr\bin\nio.dll
0x00007fffdc180000 - 0x00007fffdc1a7000 	C:\Users\ASUS\.gradle\native\e1d6ef7f7dcc3fd88c89a11ec53ec762bb8ba0a96d01ffa2cd45eb1d1d8dd5c5\windows-amd64\native-platform.dll
0x00007fff41da0000 - 0x00007fff41ee4000 	C:\Users\ASUS\.gradle\native\0d407fdbe67a94daf76414ababcb853783967236a71b16ec16e742cd7a986fd3\windows-amd64\native-platform-file-events.dll
0x00007fffb8ec0000 - 0x00007fffb8eca000 	D:\AndroidStudio\androidstudio\jbr\bin\management.dll
0x00007fffb6f00000 - 0x00007fffb6f0b000 	D:\AndroidStudio\androidstudio\jbr\bin\management_ext.dll
0x00007fffdeb80000 - 0x00007fffdeb98000 	C:\Windows\SYSTEM32\CRYPTSP.dll
0x00007fffde240000 - 0x00007fffde274000 	C:\Windows\system32\rsaenh.dll
0x00007fffdf0b0000 - 0x00007fffdf0de000 	C:\Windows\SYSTEM32\USERENV.dll
0x00007fffdeba0000 - 0x00007fffdebac000 	C:\Windows\SYSTEM32\CRYPTBASE.dll
0x00007fffde620000 - 0x00007fffde65b000 	C:\Windows\SYSTEM32\IPHLPAPI.DLL
0x00007fffe0f60000 - 0x00007fffe0f68000 	C:\Windows\System32\NSI.dll
0x00007fffd7a50000 - 0x00007fffd7a67000 	C:\Windows\SYSTEM32\dhcpcsvc6.DLL
0x00007fffd7a30000 - 0x00007fffd7a4d000 	C:\Windows\SYSTEM32\dhcpcsvc.DLL
0x00007fffde670000 - 0x00007fffde73b000 	C:\Windows\SYSTEM32\DNSAPI.dll
0x00007fffae500000 - 0x00007fffae527000 	D:\AndroidStudio\androidstudio\jbr\bin\sunec.dll
0x00007fffd7a00000 - 0x00007fffd7a0a000 	C:\Windows\System32\rasadhlp.dll
0x00007fffd53b0000 - 0x00007fffd5430000 	C:\Windows\System32\fwpuclnt.dll

dbghelp: loaded successfully - version: 4.0.5 - missing functions: none
symbol engine: initialized successfully - sym options: 0x614 - pdb path: .;D:\AndroidStudio\androidstudio\jbr\bin;C:\Windows\SYSTEM32;C:\Windows\WinSxS\amd64_microsoft.windows.common-controls_6595b64144ccf1df_6.0.19041.3636_none_60b6a03d71f818d5;D:\AndroidStudio\androidstudio\jbr\bin\server;C:\Users\ASUS\.gradle\native\e1d6ef7f7dcc3fd88c89a11ec53ec762bb8ba0a96d01ffa2cd45eb1d1d8dd5c5\windows-amd64;C:\Users\ASUS\.gradle\native\0d407fdbe67a94daf76414ababcb853783967236a71b16ec16e742cd7a986fd3\windows-amd64

VM Arguments:
jvm_args: --add-opens=java.base/java.util=ALL-UNNAMED --add-opens=java.base/java.lang=ALL-UNNAMED --add-opens=java.base/java.lang.invoke=ALL-UNNAMED --add-opens=java.base/java.util=ALL-UNNAMED --add-opens=java.prefs/java.util.prefs=ALL-UNNAMED --add-opens=java.prefs/java.util.prefs=ALL-UNNAMED --add-opens=java.base/java.nio.charset=ALL-UNNAMED --add-opens=java.base/java.net=ALL-UNNAMED --add-opens=java.base/java.util.concurrent.atomic=ALL-UNNAMED -Xmx2048m -Dfile.encoding=UTF-8 -Duser.country=CN -Duser.language=zh -Duser.variant 
java_command: org.gradle.launcher.daemon.bootstrap.GradleDaemon 7.5
java_class_path (initial): C:\Users\ASUS\.gradle\wrapper\dists\gradle-7.5-bin\f1w0cc9nuo0eivz97x2xlu9sv\gradle-7.5\lib\gradle-launcher-7.5.jar
Launcher Type: SUN_STANDARD

[Global flags]
     intx CICompilerCount                          = 4                                         {product} {ergonomic}
     uint ConcGCThreads                            = 2                                         {product} {ergonomic}
     uint G1ConcRefinementThreads                  = 8                                         {product} {ergonomic}
   size_t G1HeapRegionSize                         = 1048576                                   {product} {ergonomic}
    uintx GCDrainStackTargetSize                   = 64                                        {product} {ergonomic}
   size_t InitialHeapSize                          = 266338304                                 {product} {ergonomic}
   size_t MarkStackSize                            = 4194304                                   {product} {ergonomic}
   size_t MaxHeapSize                              = 2147483648                                {product} {command line}
   size_t MaxNewSize                               = 1287651328                                {product} {ergonomic}
   size_t MinHeapDeltaBytes                        = 1048576                                   {product} {ergonomic}
    uintx NonNMethodCodeHeapSize                   = 5836300                                {pd product} {ergonomic}
    uintx NonProfiledCodeHeapSize                  = 122910970                              {pd product} {ergonomic}
    uintx ProfiledCodeHeapSize                     = 122910970                              {pd product} {ergonomic}
    uintx ReservedCodeCacheSize                    = 251658240                              {pd product} {ergonomic}
     bool SegmentedCodeCache                       = true                                      {product} {ergonomic}
     bool UseCompressedClassPointers               = true                                 {lp64_product} {ergonomic}
     bool UseCompressedOops                        = true                                 {lp64_product} {ergonomic}
     bool UseG1GC                                  = true                                      {product} {ergonomic}
     bool UseLargePagesIndividualAllocation        = false                                  {pd product} {ergonomic}

Logging:
Log output configuration:
 #0: stdout all=warning uptime,level,tags
 #1: stderr all=off uptime,level,tags

Environment Variables:
JAVA_HOME=D:\AndroidJDK\JDK18
CLASSPATH=.;D:\AndroidJDK\JDK18\lib;D:\AndroidJDK\JDK18\lib\*.jar;D:\JavaEnterpriseOneTwo\EnterpriseTwo\apache-jmeter-5.6.3\lib\ext\ApacheJMeter_core.jar; D:\JavaEnterpriseOneTwo\EnterpriseTwo\apache-jmeter-5.6.3\lib\jorphan.jar;
PATH=E:\vmclone\Vmware17\bin\;C:\Program Files (x86)\Common Files\Oracle\Java\javapath;E:\shujuku\mysql-5.6.15-winx64\bin;E:\shujuku\mysql-5.6.15-winx64\bin;D:\AndroidJDK\JDK18\bin;D:\AndroidJDK\JDK18\jre\bin;E:\TomCat\apache-tomcat-10.1.7\bin;E:\TomCat\apache-tomcat-10.1.7\lib;C:\Windows\system32;C:\Windows;C:\Windows\System32\OpenSSH;C:\Windows\System32\Wbem;C:\Windows\System32\WindowsPowerShell\v1.0;D:\Spring\apache-maven-3.6.3\bin;E:\TortoiseGit\bin;E:\GitHash\Git\cmd;D:\JavaEnterpriseOneTwo\EnterpriseTwo\apache-jmeter-5.6.3\bin;F:\Mocha\;E:\\calibre\;E:\node\;C:\Users\ASUS\AppData\Local\Microsoft\WindowsApps;;D:\studyC\CLion 2023.3.2\bin;;C:\Users\ASUS\AppData\Roaming\npm
USERNAME=ASUS
OS=Windows_NT
PROCESSOR_IDENTIFIER=Intel64 Family 6 Model 165 Stepping 2, GenuineIntel



---------------  S Y S T E M  ---------------

OS: Windows 10 , 64 bit Build 19041 (10.0.19041.3636)
OS uptime: 0 days 11:19 hours

CPU:total 8 (initial active 8) (4 cores per cpu, 2 threads per core) family 6 model 165 stepping 2 microcode 0xc8, cmov, cx8, fxsr, mmx, sse, sse2, sse3, ssse3, sse4.1, sse4.2, popcnt, avx, avx2, aes, clmul, erms, 3dnowpref, lzcnt, ht, tsc, tscinvbit, bmi1, bmi2, adx, fma

Memory: 4k page, system-wide physical 16221M (2342M free)
TotalPageFile size 22619M (AvailPageFile size 5M)
current process WorkingSet (physical memory assigned to process): 404M, peak: 407M
current process commit charge ("private bytes"): 501M, peak: 505M

vm_info: OpenJDK 64-Bit Server VM (11.0.15+0-b2043.56-9505619) for windows-amd64 JRE (11.0.15+0-b2043.56-9505619), built on Jan 19 2023 02:48:00 by "builduser" with unknown MS VC++:1929

END.
